TN:
SF:generated/c64/index.js
FN:20,HttpClient
FN:22,HttpClient.setSecurityData
FN:25,HttpClient.request
FN:55,mergeRequestParams
FN:68,stringifyFormItem
FN:76,createFormData
FN:99,Api
FN:109,versionList
FN:124,infoList
FN:139,runnersSidplayUpdate
FN:155,runnersSidplayCreate
FN:173,runnersModplayUpdate
FN:189,runnersModplayCreate
FN:205,runnersLoadPrgUpdate
FN:221,runnersLoadPrgCreate
FN:237,runnersRunPrgUpdate
FN:253,runnersRunPrgCreate
FN:269,runnersRunCrtUpdate
FN:285,runnersRunCrtCreate
FN:301,configsList
FN:316,configsCreate
FN:333,configsDetail
FN:350,configsDetail2
FN:365,configsUpdate
FN:381,configsLoadFromFlashUpdate
FN:396,configsSaveToFlashUpdate
FN:411,configsResetToDefaultUpdate
FN:426,machineResetUpdate
FN:441,machineRebootUpdate
FN:456,machinePauseUpdate
FN:471,machineResumeUpdate
FN:486,machinePoweroffUpdate
FN:501,machineMenuButtonUpdate
FN:516,machineWritememUpdate
FN:532,machineWritememCreate
FN:549,machineReadmemList
FN:565,machineDebugregList
FN:580,machineDebugregUpdate
FN:596,drivesList
FN:611,drivesMountUpdate
FN:627,drivesMountCreate
FN:644,drivesResetUpdate
FN:659,drivesRemoveUpdate
FN:674,drivesOnUpdate
FN:689,drivesOffUpdate
FN:704,drivesLoadRomUpdate
FN:720,drivesLoadRomCreate
FN:736,drivesSetModeUpdate
FN:752,streamsStartUpdate
FN:768,streamsStopUpdate
FN:783,filesInfoDetail
FN:798,filesCreateD64Update
FN:814,filesCreateD71Update
FN:830,filesCreateD81Update
FN:846,filesCreateDnpUpdate
FNF:55
FNH:16
FNDA:4,HttpClient
FNDA:0,HttpClient.setSecurityData
FNDA:32,HttpClient.request
FNDA:32,mergeRequestParams
FNDA:0,stringifyFormItem
FNDA:0,createFormData
FNDA:4,Api
FNDA:1,versionList
FNDA:1,infoList
FNDA:0,runnersSidplayUpdate
FNDA:0,runnersSidplayCreate
FNDA:0,runnersModplayUpdate
FNDA:0,runnersModplayCreate
FNDA:0,runnersLoadPrgUpdate
FNDA:0,runnersLoadPrgCreate
FNDA:0,runnersRunPrgUpdate
FNDA:7,runnersRunPrgCreate
FNDA:0,runnersRunCrtUpdate
FNDA:0,runnersRunCrtCreate
FNDA:0,configsList
FNDA:0,configsCreate
FNDA:0,configsDetail
FNDA:0,configsDetail2
FNDA:0,configsUpdate
FNDA:0,configsLoadFromFlashUpdate
FNDA:0,configsSaveToFlashUpdate
FNDA:0,configsResetToDefaultUpdate
FNDA:1,machineResetUpdate
FNDA:1,machineRebootUpdate
FNDA:1,machinePauseUpdate
FNDA:1,machineResumeUpdate
FNDA:0,machinePoweroffUpdate
FNDA:0,machineMenuButtonUpdate
FNDA:10,machineWritememUpdate
FNDA:1,machineWritememCreate
FNDA:6,machineReadmemList
FNDA:1,machineDebugregList
FNDA:1,machineDebugregUpdate
FNDA:0,drivesList
FNDA:0,drivesMountUpdate
FNDA:0,drivesMountCreate
FNDA:0,drivesResetUpdate
FNDA:0,drivesRemoveUpdate
FNDA:0,drivesOnUpdate
FNDA:0,drivesOffUpdate
FNDA:0,drivesLoadRomUpdate
FNDA:0,drivesLoadRomCreate
FNDA:0,drivesSetModeUpdate
FNDA:0,streamsStartUpdate
FNDA:0,streamsStopUpdate
FNDA:0,filesInfoDetail
FNDA:0,filesCreateD64Update
FNDA:0,filesCreateD71Update
FNDA:0,filesCreateD81Update
FNDA:0,filesCreateDnpUpdate
DA:1,2
DA:2,2
DA:3,2
DA:4,2
DA:5,2
DA:6,2
DA:7,2
DA:8,2
DA:9,2
DA:10,2
DA:11,2
DA:12,2
DA:13,2
DA:14,2
DA:15,2
DA:16,2
DA:17,2
DA:18,2
DA:19,2
DA:20,2
DA:21,4
DA:22,4
DA:23,0
DA:24,4
DA:25,4
DA:26,32
DA:27,32
DA:28,32
DA:29,32
DA:30,32
DA:31,32
DA:32,32
DA:33,0
DA:34,0
DA:35,32
DA:36,0
DA:37,0
DA:38,32
DA:39,32
DA:40,32
DA:41,32
DA:42,32
DA:43,32
DA:44,32
DA:45,32
DA:46,32
DA:47,32
DA:48,32
DA:49,4
DA:50,4
DA:51,4
DA:52,4
DA:53,4
DA:54,4
DA:55,2
DA:56,32
DA:57,32
DA:58,32
DA:59,32
DA:60,32
DA:61,32
DA:62,32
DA:63,32
DA:64,32
DA:65,32
DA:66,32
DA:67,32
DA:68,2
DA:69,0
DA:70,0
DA:71,0
DA:72,0
DA:73,0
DA:74,0
DA:75,0
DA:76,2
DA:77,0
DA:78,0
DA:79,0
DA:80,0
DA:81,0
DA:82,0
DA:83,0
DA:84,0
DA:85,0
DA:86,0
DA:87,2
DA:88,2
DA:89,2
DA:90,2
DA:91,2
DA:92,2
DA:93,2
DA:94,2
DA:95,2
DA:96,2
DA:97,2
DA:98,2
DA:99,2
DA:100,4
DA:101,4
DA:102,4
DA:103,4
DA:104,4
DA:105,4
DA:106,4
DA:107,4
DA:108,4
DA:109,4
DA:110,1
DA:111,1
DA:112,1
DA:113,1
DA:114,1
DA:115,4
DA:116,4
DA:117,4
DA:118,4
DA:119,4
DA:120,4
DA:121,4
DA:122,4
DA:123,4
DA:124,4
DA:125,1
DA:126,1
DA:127,1
DA:128,1
DA:129,1
DA:130,4
DA:131,4
DA:132,4
DA:133,4
DA:134,4
DA:135,4
DA:136,4
DA:137,4
DA:138,4
DA:139,4
DA:140,0
DA:141,0
DA:142,0
DA:143,0
DA:144,0
DA:145,0
DA:146,4
DA:147,4
DA:148,4
DA:149,4
DA:150,4
DA:151,4
DA:152,4
DA:153,4
DA:154,4
DA:155,4
DA:156,0
DA:157,0
DA:158,0
DA:159,0
DA:160,0
DA:161,0
DA:162,0
DA:163,0
DA:164,4
DA:165,4
DA:166,4
DA:167,4
DA:168,4
DA:169,4
DA:170,4
DA:171,4
DA:172,4
DA:173,4
DA:174,0
DA:175,0
DA:176,0
DA:177,0
DA:178,0
DA:179,0
DA:180,4
DA:181,4
DA:182,4
DA:183,4
DA:184,4
DA:185,4
DA:186,4
DA:187,4
DA:188,4
DA:189,4
DA:190,0
DA:191,0
DA:192,0
DA:193,0
DA:194,0
DA:195,0
DA:196,4
DA:197,4
DA:198,4
DA:199,4
DA:200,4
DA:201,4
DA:202,4
DA:203,4
DA:204,4
DA:205,4
DA:206,0
DA:207,0
DA:208,0
DA:209,0
DA:210,0
DA:211,0
DA:212,4
DA:213,4
DA:214,4
DA:215,4
DA:216,4
DA:217,4
DA:218,4
DA:219,4
DA:220,4
DA:221,4
DA:222,0
DA:223,0
DA:224,0
DA:225,0
DA:226,0
DA:227,0
DA:228,4
DA:229,4
DA:230,4
DA:231,4
DA:232,4
DA:233,4
DA:234,4
DA:235,4
DA:236,4
DA:237,4
DA:238,0
DA:239,0
DA:240,0
DA:241,0
DA:242,0
DA:243,0
DA:244,4
DA:245,4
DA:246,4
DA:247,4
DA:248,4
DA:249,4
DA:250,4
DA:251,4
DA:252,4
DA:253,4
DA:254,7
DA:255,7
DA:256,7
DA:257,7
DA:258,7
DA:259,7
DA:260,4
DA:261,4
DA:262,4
DA:263,4
DA:264,4
DA:265,4
DA:266,4
DA:267,4
DA:268,4
DA:269,4
DA:270,0
DA:271,0
DA:272,0
DA:273,0
DA:274,0
DA:275,0
DA:276,4
DA:277,4
DA:278,4
DA:279,4
DA:280,4
DA:281,4
DA:282,4
DA:283,4
DA:284,4
DA:285,4
DA:286,0
DA:287,0
DA:288,0
DA:289,0
DA:290,0
DA:291,0
DA:292,4
DA:293,4
DA:294,4
DA:295,4
DA:296,4
DA:297,4
DA:298,4
DA:299,4
DA:300,4
DA:301,4
DA:302,0
DA:303,0
DA:304,0
DA:305,0
DA:306,0
DA:307,4
DA:308,4
DA:309,4
DA:310,4
DA:311,4
DA:312,4
DA:313,4
DA:314,4
DA:315,4
DA:316,4
DA:317,0
DA:318,0
DA:319,0
DA:320,0
DA:321,0
DA:322,0
DA:323,0
DA:324,4
DA:325,4
DA:326,4
DA:327,4
DA:328,4
DA:329,4
DA:330,4
DA:331,4
DA:332,4
DA:333,4
DA:334,0
DA:335,0
DA:336,0
DA:337,0
DA:338,0
DA:339,4
DA:340,4
DA:341,4
DA:342,4
DA:343,4
DA:344,4
DA:345,4
DA:346,4
DA:347,4
DA:348,4
DA:349,4
DA:350,4
DA:351,0
DA:352,0
DA:353,0
DA:354,0
DA:355,0
DA:356,4
DA:357,4
DA:358,4
DA:359,4
DA:360,4
DA:361,4
DA:362,4
DA:363,4
DA:364,4
DA:365,4
DA:366,0
DA:367,0
DA:368,0
DA:369,0
DA:370,0
DA:371,0
DA:372,4
DA:373,4
DA:374,4
DA:375,4
DA:376,4
DA:377,4
DA:378,4
DA:379,4
DA:380,4
DA:381,4
DA:382,0
DA:383,0
DA:384,0
DA:385,0
DA:386,0
DA:387,4
DA:388,4
DA:389,4
DA:390,4
DA:391,4
DA:392,4
DA:393,4
DA:394,4
DA:395,4
DA:396,4
DA:397,0
DA:398,0
DA:399,0
DA:400,0
DA:401,0
DA:402,4
DA:403,4
DA:404,4
DA:405,4
DA:406,4
DA:407,4
DA:408,4
DA:409,4
DA:410,4
DA:411,4
DA:412,0
DA:413,0
DA:414,0
DA:415,0
DA:416,0
DA:417,4
DA:418,4
DA:419,4
DA:420,4
DA:421,4
DA:422,4
DA:423,4
DA:424,4
DA:425,4
DA:426,4
DA:427,1
DA:428,1
DA:429,1
DA:430,1
DA:431,1
DA:432,4
DA:433,4
DA:434,4
DA:435,4
DA:436,4
DA:437,4
DA:438,4
DA:439,4
DA:440,4
DA:441,4
DA:442,1
DA:443,1
DA:444,1
DA:445,1
DA:446,1
DA:447,4
DA:448,4
DA:449,4
DA:450,4
DA:451,4
DA:452,4
DA:453,4
DA:454,4
DA:455,4
DA:456,4
DA:457,1
DA:458,1
DA:459,1
DA:460,1
DA:461,1
DA:462,4
DA:463,4
DA:464,4
DA:465,4
DA:466,4
DA:467,4
DA:468,4
DA:469,4
DA:470,4
DA:471,4
DA:472,1
DA:473,1
DA:474,1
DA:475,1
DA:476,1
DA:477,4
DA:478,4
DA:479,4
DA:480,4
DA:481,4
DA:482,4
DA:483,4
DA:484,4
DA:485,4
DA:486,4
DA:487,0
DA:488,0
DA:489,0
DA:490,0
DA:491,0
DA:492,4
DA:493,4
DA:494,4
DA:495,4
DA:496,4
DA:497,4
DA:498,4
DA:499,4
DA:500,4
DA:501,4
DA:502,0
DA:503,0
DA:504,0
DA:505,0
DA:506,0
DA:507,4
DA:508,4
DA:509,4
DA:510,4
DA:511,4
DA:512,4
DA:513,4
DA:514,4
DA:515,4
DA:516,4
DA:517,10
DA:518,10
DA:519,10
DA:520,10
DA:521,10
DA:522,10
DA:523,4
DA:524,4
DA:525,4
DA:526,4
DA:527,4
DA:528,4
DA:529,4
DA:530,4
DA:531,4
DA:532,4
DA:533,1
DA:534,1
DA:535,1
DA:536,1
DA:537,1
DA:538,1
DA:539,1
DA:540,4
DA:541,4
DA:542,4
DA:543,4
DA:544,4
DA:545,4
DA:546,4
DA:547,4
DA:548,4
DA:549,4
DA:550,6
DA:551,6
DA:552,6
DA:553,6
DA:554,6
DA:555,6
DA:556,4
DA:557,4
DA:558,4
DA:559,4
DA:560,4
DA:561,4
DA:562,4
DA:563,4
DA:564,4
DA:565,4
DA:566,1
DA:567,1
DA:568,1
DA:569,1
DA:570,1
DA:571,4
DA:572,4
DA:573,4
DA:574,4
DA:575,4
DA:576,4
DA:577,4
DA:578,4
DA:579,4
DA:580,4
DA:581,1
DA:582,1
DA:583,1
DA:584,1
DA:585,1
DA:586,1
DA:587,4
DA:588,4
DA:589,4
DA:590,4
DA:591,4
DA:592,4
DA:593,4
DA:594,4
DA:595,4
DA:596,4
DA:597,0
DA:598,0
DA:599,0
DA:600,0
DA:601,0
DA:602,4
DA:603,4
DA:604,4
DA:605,4
DA:606,4
DA:607,4
DA:608,4
DA:609,4
DA:610,4
DA:611,4
DA:612,0
DA:613,0
DA:614,0
DA:615,0
DA:616,0
DA:617,0
DA:618,4
DA:619,4
DA:620,4
DA:621,4
DA:622,4
DA:623,4
DA:624,4
DA:625,4
DA:626,4
DA:627,4
DA:628,0
DA:629,0
DA:630,0
DA:631,0
DA:632,0
DA:633,0
DA:634,0
DA:635,4
DA:636,4
DA:637,4
DA:638,4
DA:639,4
DA:640,4
DA:641,4
DA:642,4
DA:643,4
DA:644,4
DA:645,0
DA:646,0
DA:647,0
DA:648,0
DA:649,0
DA:650,4
DA:651,4
DA:652,4
DA:653,4
DA:654,4
DA:655,4
DA:656,4
DA:657,4
DA:658,4
DA:659,4
DA:660,0
DA:661,0
DA:662,0
DA:663,0
DA:664,0
DA:665,4
DA:666,4
DA:667,4
DA:668,4
DA:669,4
DA:670,4
DA:671,4
DA:672,4
DA:673,4
DA:674,4
DA:675,0
DA:676,0
DA:677,0
DA:678,0
DA:679,0
DA:680,4
DA:681,4
DA:682,4
DA:683,4
DA:684,4
DA:685,4
DA:686,4
DA:687,4
DA:688,4
DA:689,4
DA:690,0
DA:691,0
DA:692,0
DA:693,0
DA:694,0
DA:695,4
DA:696,4
DA:697,4
DA:698,4
DA:699,4
DA:700,4
DA:701,4
DA:702,4
DA:703,4
DA:704,4
DA:705,0
DA:706,0
DA:707,0
DA:708,0
DA:709,0
DA:710,0
DA:711,4
DA:712,4
DA:713,4
DA:714,4
DA:715,4
DA:716,4
DA:717,4
DA:718,4
DA:719,4
DA:720,4
DA:721,0
DA:722,0
DA:723,0
DA:724,0
DA:725,0
DA:726,0
DA:727,4
DA:728,4
DA:729,4
DA:730,4
DA:731,4
DA:732,4
DA:733,4
DA:734,4
DA:735,4
DA:736,4
DA:737,0
DA:738,0
DA:739,0
DA:740,0
DA:741,0
DA:742,0
DA:743,4
DA:744,4
DA:745,4
DA:746,4
DA:747,4
DA:748,4
DA:749,4
DA:750,4
DA:751,4
DA:752,4
DA:753,0
DA:754,0
DA:755,0
DA:756,0
DA:757,0
DA:758,0
DA:759,4
DA:760,4
DA:761,4
DA:762,4
DA:763,4
DA:764,4
DA:765,4
DA:766,4
DA:767,4
DA:768,4
DA:769,0
DA:770,0
DA:771,0
DA:772,0
DA:773,0
DA:774,4
DA:775,4
DA:776,4
DA:777,4
DA:778,4
DA:779,4
DA:780,4
DA:781,4
DA:782,4
DA:783,4
DA:784,0
DA:785,0
DA:786,0
DA:787,0
DA:788,0
DA:789,4
DA:790,4
DA:791,4
DA:792,4
DA:793,4
DA:794,4
DA:795,4
DA:796,4
DA:797,4
DA:798,4
DA:799,0
DA:800,0
DA:801,0
DA:802,0
DA:803,0
DA:804,0
DA:805,4
DA:806,4
DA:807,4
DA:808,4
DA:809,4
DA:810,4
DA:811,4
DA:812,4
DA:813,4
DA:814,4
DA:815,0
DA:816,0
DA:817,0
DA:818,0
DA:819,0
DA:820,0
DA:821,4
DA:822,4
DA:823,4
DA:824,4
DA:825,4
DA:826,4
DA:827,4
DA:828,4
DA:829,4
DA:830,4
DA:831,0
DA:832,0
DA:833,0
DA:834,0
DA:835,0
DA:836,0
DA:837,4
DA:838,4
DA:839,4
DA:840,4
DA:841,4
DA:842,4
DA:843,4
DA:844,4
DA:845,4
DA:846,4
DA:847,0
DA:848,0
DA:849,0
DA:850,0
DA:851,0
DA:852,0
DA:853,4
DA:854,4
DA:855,4
DA:856,4
DA:857,2
LF:857
LH:630
BRDA:1,0,0,2
BRDA:13,1,0,2
BRDA:20,2,0,4
BRDA:50,3,0,0
BRDA:25,4,0,32
BRDA:26,5,0,0
BRDA:27,6,0,0
BRDA:31,7,0,0
BRDA:31,8,0,0
BRDA:32,9,0,0
BRDA:32,10,0,0
BRDA:32,11,0,0
BRDA:32,12,0,0
BRDA:35,13,0,0
BRDA:35,14,0,0
BRDA:35,15,0,0
BRDA:35,16,0,0
BRDA:41,17,0,0
BRDA:42,18,0,0
BRDA:42,19,0,0
BRDA:55,20,0,32
BRDA:56,21,0,0
BRDA:60,22,0,0
BRDA:62,23,0,0
BRDA:63,24,0,18
BRDA:99,25,0,4
BRDA:109,26,0,1
BRDA:124,27,0,1
BRDA:253,28,0,7
BRDA:426,29,0,1
BRDA:441,30,0,1
BRDA:456,31,0,1
BRDA:471,32,0,1
BRDA:516,33,0,10
BRDA:532,34,0,1
BRDA:549,35,0,6
BRDA:565,36,0,1
BRDA:580,37,0,1
BRF:38
BRH:19
end_of_record
TN:
SF:scripts/register-ts-node.mjs
FNF:0
FNH:0
DA:1,29
DA:2,29
DA:3,29
DA:4,29
DA:5,29
DA:6,29
LF:6
LH:6
BRDA:1,0,0,29
BRF:1
BRH:1
end_of_record
TN:
SF:scripts/run-tests.mjs
FN:78,resolveBaseUrlFromConfig
FN:105,resolveBaseUrlFromJson
FN:139,stringIfSet
FN:143,numberIfPort
FN:156,normaliseBaseUrlFromString
FN:165,parseEndpoint
FN:181,buildBaseUrl
FN:188,firstDefined
FNF:8
FNH:0
FNDA:0,resolveBaseUrlFromConfig
FNDA:0,resolveBaseUrlFromJson
FNDA:0,stringIfSet
FNDA:0,numberIfPort
FNDA:0,normaliseBaseUrlFromString
FNDA:0,parseEndpoint
FNDA:0,buildBaseUrl
FNDA:0,firstDefined
DA:1,1
DA:2,1
DA:3,1
DA:4,1
DA:5,1
DA:6,1
DA:7,1
DA:8,1
DA:9,1
DA:10,1
DA:11,1
DA:12,1
DA:13,1
DA:14,1
DA:15,1
DA:16,1
DA:17,0
DA:18,0
DA:19,0
DA:20,0
DA:21,0
DA:22,0
DA:23,0
DA:24,0
DA:25,0
DA:26,0
DA:27,0
DA:28,0
DA:29,0
DA:30,0
DA:31,0
DA:32,0
DA:33,0
DA:34,0
DA:35,0
DA:36,0
DA:37,0
DA:38,0
DA:39,1
DA:40,1
DA:41,0
DA:42,0
DA:43,1
DA:44,1
DA:45,1
DA:46,1
DA:47,1
DA:48,1
DA:49,1
DA:50,1
DA:51,1
DA:52,1
DA:53,1
DA:54,1
DA:55,1
DA:56,1
DA:57,1
DA:58,0
DA:59,0
DA:60,1
DA:61,1
DA:62,0
DA:63,0
DA:64,1
DA:65,1
DA:66,1
DA:67,1
DA:68,1
DA:69,1
DA:70,1
DA:71,1
DA:72,0
DA:73,0
DA:74,0
DA:75,1
DA:76,1
DA:77,1
DA:78,0
DA:79,0
DA:80,0
DA:81,0
DA:82,0
DA:83,0
DA:84,0
DA:85,0
DA:86,0
DA:87,0
DA:88,0
DA:89,0
DA:90,0
DA:91,0
DA:92,0
DA:93,0
DA:94,0
DA:95,0
DA:96,0
DA:97,0
DA:98,0
DA:99,0
DA:100,0
DA:101,0
DA:102,0
DA:103,0
DA:104,1
DA:105,0
DA:106,0
DA:107,0
DA:108,0
DA:109,0
DA:110,0
DA:111,0
DA:112,0
DA:113,0
DA:114,0
DA:115,0
DA:116,0
DA:117,0
DA:118,0
DA:119,0
DA:120,0
DA:121,0
DA:122,0
DA:123,0
DA:124,0
DA:125,0
DA:126,0
DA:127,0
DA:128,0
DA:129,0
DA:130,0
DA:131,0
DA:132,0
DA:133,0
DA:134,0
DA:135,0
DA:136,0
DA:137,0
DA:138,1
DA:139,0
DA:140,0
DA:141,0
DA:142,1
DA:143,0
DA:144,0
DA:145,0
DA:146,0
DA:147,0
DA:148,0
DA:149,0
DA:150,0
DA:151,0
DA:152,0
DA:153,0
DA:154,0
DA:155,1
DA:156,0
DA:157,0
DA:158,0
DA:159,0
DA:160,0
DA:161,0
DA:162,0
DA:163,0
DA:164,1
DA:165,0
DA:166,0
DA:167,0
DA:168,0
DA:169,0
DA:170,0
DA:171,0
DA:172,0
DA:173,0
DA:174,0
DA:175,0
DA:176,0
DA:177,0
DA:178,1
DA:179,1
DA:180,1
DA:181,0
DA:182,0
DA:183,0
DA:184,0
DA:185,0
DA:186,0
DA:187,1
DA:188,0
DA:189,0
DA:190,0
DA:191,0
DA:192,0
DA:193,0
DA:194,0
DA:195,0
LF:195
LH:55
BRDA:1,0,0,1
BRDA:16,1,0,0
BRDA:40,2,0,0
BRDA:57,3,0,0
BRDA:61,4,0,0
BRDA:61,5,0,0
BRDA:70,6,0,1
BRDA:71,7,0,0
BRDA:75,8,0,0
BRF:9
BRH:2
end_of_record
TN:
SF:src/assemblyConverter.ts
FN:33,AssemblyError
FN:193,assemblyToPrg
FN:209,normalizeSource
FN:214,Parser
FN:218,parse
FN:224,parseInto
FN:257,parseStatement
FN:378,tokenize
FN:469,TokenStream
FN:471,peek
FN:475,consume
FN:484,consumeSymbol
FN:492,consumeString
FN:500,consumePunct
FN:511,isAtEnd
FN:515,expectEnd
FN:522,translateEscape
FN:541,isDigit
FN:545,isHexDigit
FN:549,isBinaryDigit
FN:553,isSymbolStart
FN:562,isSymbolPart
FN:566,parseNumberToken
FN:608,parseExpression
FN:612,parseBinaryExpression
FN:637,parseUnaryExpression
FN:671,asBinaryOperator
FN:679,parseOperand
FN:744,SymbolTable
FN:749,reset
FN:755,setLabel
FN:768,ensureLabel
FN:781,setAssignment
FN:793,get
FN:804,ensureLocalScope
FN:821,Assembler
FN:826,runPass
FN:847,buildPrg
FN:859,processLine
FN:887,handleAssignment
FN:904,handleDirective
FN:999,handleInstruction
FN:1043,evaluate
FN:1118,writeByte
FN:1127,writeWord
FN:1140,determineInstruction
FN:1170,resolveOperandValue
FN:1189,chooseAddressingMode
FN:1276,instructionSize
FN:1299,modeExpectsValue
FN:1309,normalizeOperandValue
FN:1341,computeRelativeOffset
FN:1350,lookupOpcode
FN:1362,fitsByte
FN:1366,formatHex
FN:1370,buildInstructionTable
FNF:56
FNH:53
FNDA:1,AssemblyError
FNDA:11,assemblyToPrg
FNDA:11,normalizeSource
FNDA:11,Parser
FNDA:11,parse
FNDA:11,parseInto
FNDA:1115,parseStatement
FNDA:1247,tokenize
FNDA:1115,TokenStream
FNDA:47684,peek
FNDA:22589,consume
FNDA:1196,consumeSymbol
FNDA:1,consumeString
FNDA:10337,consumePunct
FNDA:12290,isAtEnd
FNDA:1002,expectEnd
FNDA:0,translateEscape
FNDA:56075,isDigit
FNDA:32151,isHexDigit
FNDA:0,isBinaryDigit
FNDA:17800,isSymbolStart
FNDA:6138,isSymbolPart
FNDA:10926,parseNumberToken
FNDA:11053,parseExpression
FNDA:11054,parseBinaryExpression
FNDA:11054,parseUnaryExpression
FNDA:10082,asBinaryOperator
FNDA:285,parseOperand
FNDA:11,SymbolTable
FNDA:22,reset
FNDA:114,setLabel
FNDA:123,ensureLabel
FNDA:9,setAssignment
FNDA:379,get
FNDA:1,ensureLocalScope
FNDA:11,Assembler
FNDA:22,runPass
FNDA:10,buildPrg
FNDA:2230,processLine
FNDA:34,handleAssignment
FNDA:1400,handleDirective
FNDA:570,handleInstruction
FNDA:22110,evaluate
FNDA:11532,writeByte
FNDA:214,writeWord
FNDA:570,determineInstruction
FNDA:541,resolveOperandValue
FNDA:285,chooseAddressingMode
FNDA:570,instructionSize
FNDA:285,modeExpectsValue
FNDA:570,normalizeOperandValue
FNDA:11,computeRelativeOffset
FNDA:284,lookupOpcode
FNDA:99,fitsByte
FNDA:0,formatHex
FNDA:9,buildInstructionTable
DA:1,1
DA:2,1
DA:3,1
DA:4,1
DA:5,1
DA:6,1
DA:7,1
DA:8,1
DA:9,1
DA:10,1
DA:11,1
DA:12,1
DA:13,1
DA:14,1
DA:15,1
DA:16,1
DA:17,1
DA:18,1
DA:19,1
DA:20,1
DA:21,1
DA:22,1
DA:23,1
DA:24,1
DA:25,1
DA:26,1
DA:27,1
DA:28,1
DA:29,1
DA:30,1
DA:31,1
DA:32,1
DA:33,1
DA:34,1
DA:35,1
DA:36,1
DA:37,1
DA:38,1
DA:39,1
DA:40,1
DA:41,1
DA:42,1
DA:43,1
DA:44,1
DA:45,1
DA:46,1
DA:47,1
DA:48,1
DA:49,1
DA:50,1
DA:51,1
DA:52,1
DA:53,1
DA:54,1
DA:55,1
DA:56,1
DA:57,1
DA:58,1
DA:59,1
DA:60,1
DA:61,1
DA:62,1
DA:63,1
DA:64,1
DA:65,1
DA:66,1
DA:67,1
DA:68,1
DA:69,1
DA:70,1
DA:71,1
DA:72,1
DA:73,1
DA:74,1
DA:75,1
DA:76,1
DA:77,1
DA:78,1
DA:79,1
DA:80,1
DA:81,1
DA:82,1
DA:83,1
DA:84,1
DA:85,1
DA:86,1
DA:87,1
DA:88,1
DA:89,1
DA:90,1
DA:91,1
DA:92,1
DA:93,1
DA:94,1
DA:95,1
DA:96,1
DA:97,1
DA:98,1
DA:99,1
DA:100,1
DA:101,1
DA:102,1
DA:103,1
DA:104,1
DA:105,1
DA:106,1
DA:107,1
DA:108,1
DA:109,1
DA:110,1
DA:111,1
DA:112,1
DA:113,1
DA:114,1
DA:115,1
DA:116,9
DA:117,9
DA:118,9
DA:119,9
DA:120,9
DA:121,9
DA:122,9
DA:123,9
DA:124,9
DA:125,9
DA:126,9
DA:127,9
DA:128,9
DA:129,9
DA:130,9
DA:131,1
DA:132,1
DA:133,1
DA:134,1
DA:135,1
DA:136,1
DA:137,1
DA:138,1
DA:139,1
DA:140,1
DA:141,1
DA:142,1
DA:143,1
DA:144,1
DA:145,1
DA:146,1
DA:147,1
DA:148,1
DA:149,1
DA:150,1
DA:151,1
DA:152,1
DA:153,1
DA:154,1
DA:155,1
DA:156,1
DA:157,1
DA:158,1
DA:159,1
DA:160,1
DA:161,1
DA:162,1
DA:163,1
DA:164,1
DA:165,1
DA:166,1
DA:167,1
DA:168,1
DA:169,1
DA:170,1
DA:171,1
DA:172,1
DA:173,1
DA:174,1
DA:175,1
DA:176,1
DA:177,1
DA:178,1
DA:179,1
DA:180,1
DA:181,1
DA:182,1
DA:183,1
DA:184,1
DA:185,1
DA:186,1
DA:187,1
DA:188,1
DA:189,1
DA:190,1
DA:191,1
DA:192,1
DA:193,1
DA:194,11
DA:195,11
DA:196,11
DA:197,11
DA:198,11
DA:199,11
DA:200,11
DA:201,11
DA:202,11
DA:203,11
DA:204,11
DA:205,11
DA:206,11
DA:207,11
DA:208,1
DA:209,11
DA:210,11
DA:211,11
DA:212,1
DA:213,1
DA:214,1
DA:215,11
DA:216,11
DA:217,1
DA:218,1
DA:219,11
DA:220,11
DA:221,11
DA:222,11
DA:223,1
DA:224,1
DA:225,11
DA:226,11
DA:227,11
DA:228,11
DA:229,11
DA:230,11
DA:231,11
DA:232,1247
DA:233,1247
DA:234,1247
DA:235,1247
DA:236,132
DA:237,132
DA:238,1115
DA:239,1115
DA:240,1115
DA:241,1115
DA:242,1247
DA:243,114
DA:244,114
DA:245,114
DA:246,1115
DA:247,1115
DA:248,1115
DA:249,1115
DA:250,1115
DA:251,1115
DA:252,1115
DA:253,1115
DA:254,1115
DA:255,11
DA:256,1
DA:257,1
DA:258,1115
DA:259,1115
DA:260,1115
DA:261,1115
DA:262,1115
DA:263,1115
DA:264,1115
DA:265,1002
DA:266,1115
DA:267,9
DA:268,9
DA:269,9
DA:270,9
DA:271,9
DA:272,9
DA:273,9
DA:274,9
DA:275,9
DA:276,9
DA:277,9
DA:278,993
DA:279,1115
DA:280,8
DA:281,8
DA:282,8
DA:283,8
DA:284,8
DA:285,8
DA:286,8
DA:287,8
DA:288,8
DA:289,8
DA:290,8
DA:291,985
DA:292,1115
DA:293,0
DA:294,0
DA:295,985
DA:296,985
DA:297,985
DA:298,1115
DA:299,700
DA:300,700
DA:301,700
DA:302,4
DA:303,4
DA:304,4
DA:305,4
DA:306,4
DA:307,4
DA:308,4
DA:309,4
DA:310,700
DA:311,0
DA:312,0
DA:313,0
DA:314,0
DA:315,0
DA:316,0
DA:317,0
DA:318,0
DA:319,0
DA:320,0
DA:321,0
DA:322,0
DA:323,0
DA:324,0
DA:325,0
DA:326,0
DA:327,0
DA:328,0
DA:329,700
DA:330,700
DA:331,695
DA:332,695
DA:333,10776
DA:334,10776
DA:335,10776
DA:336,1
DA:337,10776
DA:338,10775
DA:339,10775
DA:340,10776
DA:341,10081
DA:342,10776
DA:343,695
DA:344,695
DA:345,10776
DA:346,695
DA:347,695
DA:348,695
DA:349,695
DA:350,695
DA:351,695
DA:352,695
DA:353,700
DA:354,1
DA:355,1
DA:356,1
DA:357,1
DA:358,1
DA:359,1
DA:360,1
DA:361,1
DA:362,700
DA:363,0
DA:364,700
DA:365,700
DA:366,285
DA:367,285
DA:368,285
DA:369,285
DA:370,285
DA:371,285
DA:372,285
DA:373,285
DA:374,285
DA:375,285
DA:376,1
DA:377,1
DA:378,1247
DA:379,1247
DA:380,1247
DA:381,1247
DA:382,1247
DA:383,1247
DA:384,25666
DA:385,25666
DA:386,25666
DA:387,20
DA:388,20
DA:389,25646
DA:390,25666
DA:391,3057
DA:392,3057
DA:393,3057
DA:394,22589
DA:395,25666
DA:396,1
DA:397,1
DA:398,1
DA:399,1
DA:400,1
DA:401,1
DA:402,3
DA:403,3
DA:404,0
DA:405,0
DA:406,0
DA:407,0
DA:408,0
DA:409,0
DA:410,3
DA:411,3
DA:412,1
DA:413,1
DA:414,1
DA:415,1
DA:416,2
DA:417,2
DA:418,2
DA:419,2
DA:420,1
DA:421,1
DA:422,0
DA:423,0
DA:424,1
DA:425,1
DA:426,1
DA:427,1
DA:428,22588
DA:429,25666
DA:430,10926
DA:431,10926
DA:432,10926
DA:433,10926
DA:434,10926
DA:435,11662
DA:436,25666
DA:437,1324
DA:438,1324
DA:439,1324
DA:440,4973
DA:441,4973
DA:442,4973
DA:443,1324
DA:444,1324
DA:445,1324
DA:446,10338
DA:447,10338
DA:448,25666
DA:449,0
DA:450,0
DA:451,0
DA:452,0
DA:453,10338
DA:454,10338
DA:455,10338
DA:456,10338
DA:457,10338
DA:458,10338
DA:459,0
DA:460,0
DA:461,0
DA:462,1247
DA:463,1247
DA:464,1247
DA:465,1
DA:466,1
DA:467,1
DA:468,1
DA:469,1
DA:470,1
DA:471,1
DA:472,47684
DA:473,47684
DA:474,1
DA:475,1
DA:476,22589
DA:477,22589
DA:478,0
DA:479,0
DA:480,22589
DA:481,22589
DA:482,22589
DA:483,1
DA:484,1
DA:485,1196
DA:486,1196
DA:487,0
DA:488,0
DA:489,1196
DA:490,1196
DA:491,1
DA:492,1
DA:493,1
DA:494,1
DA:495,0
DA:496,0
DA:497,1
DA:498,1
DA:499,1
DA:500,1
DA:501,10337
DA:502,10337
DA:503,0
DA:504,0
DA:505,10337
DA:506,0
DA:507,0
DA:508,10337
DA:509,10337
DA:510,1
DA:511,1
DA:512,12290
DA:513,12290
DA:514,1
DA:515,1
DA:516,1002
DA:517,0
DA:518,0
DA:519,1002
DA:520,1
DA:521,1
DA:522,0
DA:523,0
DA:524,0
DA:525,0
DA:526,0
DA:527,0
DA:528,0
DA:529,0
DA:530,0
DA:531,0
DA:532,0
DA:533,0
DA:534,0
DA:535,0
DA:536,0
DA:537,0
DA:538,0
DA:539,0
DA:540,1
DA:541,56075
DA:542,56075
DA:543,56075
DA:544,1
DA:545,32151
DA:546,32151
DA:547,32151
DA:548,1
DA:549,0
DA:550,0
DA:551,0
DA:552,1
DA:553,17800
DA:554,17800
DA:555,17800
DA:556,17800
DA:557,17800
DA:558,12370
DA:559,17800
DA:560,17800
DA:561,1
DA:562,6138
DA:563,6138
DA:564,6138
DA:565,1
DA:566,10926
DA:567,10926
DA:568,10926
DA:569,10926
DA:570,10926
DA:571,10923
DA:572,10923
DA:573,10926
DA:574,0
DA:575,0
DA:576,3
DA:577,0
DA:578,0
DA:579,0
DA:580,10926
DA:581,10926
DA:582,10926
DA:583,10926
DA:584,10926
DA:585,32154
DA:586,32154
DA:587,32154
DA:588,22067
DA:589,32154
DA:590,3
DA:591,10084
DA:592,0
DA:593,10084
DA:594,10084
DA:595,10084
DA:596,22070
DA:597,22070
DA:598,22070
DA:599,22070
DA:600,10926
DA:601,10926
DA:602,0
DA:603,0
DA:604,10926
DA:605,10926
DA:606,10926
DA:607,1
DA:608,11053
DA:609,11053
DA:610,11053
DA:611,1
DA:612,11054
DA:613,11054
DA:614,11054
DA:615,11054
DA:616,11055
DA:617,11055
DA:618,11055
DA:619,88
DA:620,88
DA:621,10082
DA:622,11055
DA:623,10081
DA:624,10081
DA:625,1
DA:626,10935
DA:627,0
DA:628,0
DA:629,1
DA:630,1
DA:631,1
DA:632,1
DA:633,11054
DA:634,11054
DA:635,11054
DA:636,1
DA:637,11054
DA:638,11054
DA:639,11054
DA:640,0
DA:641,0
DA:642,11054
DA:643,0
DA:644,0
DA:645,0
DA:646,11054
DA:647,0
DA:648,0
DA:649,0
DA:650,0
DA:651,0
DA:652,0
DA:653,0
DA:654,11054
DA:655,11054
DA:656,10926
DA:657,10926
DA:658,128
DA:659,128
DA:660,128
DA:661,0
DA:662,0
DA:663,0
DA:664,0
DA:665,0
DA:666,0
DA:667,0
DA:668,0
DA:669,0
DA:670,1
DA:671,10082
DA:672,10082
DA:673,10082
DA:674,1
DA:675,1
DA:676,10081
DA:677,10081
DA:678,1
DA:679,285
DA:680,285
DA:681,29
DA:682,29
DA:683,256
DA:684,256
DA:685,285
DA:686,256
DA:687,285
DA:688,0
DA:689,0
DA:690,0
DA:691,0
DA:692,0
DA:693,0
DA:694,256
DA:695,285
DA:696,29
DA:697,29
DA:698,29
DA:699,29
DA:700,227
DA:701,285
DA:702,0
DA:703,0
DA:704,0
DA:705,0
DA:706,0
DA:707,0
DA:708,0
DA:709,0
DA:710,0
DA:711,0
DA:712,0
DA:713,0
DA:714,0
DA:715,0
DA:716,0
DA:717,0
DA:718,0
DA:719,0
DA:720,0
DA:721,0
DA:722,0
DA:723,0
DA:724,227
DA:725,227
DA:726,227
DA:727,285
DA:728,139
DA:729,139
DA:730,88
DA:731,88
DA:732,285
DA:733,88
DA:734,88
DA:735,88
DA:736,0
DA:737,0
DA:738,88
DA:739,88
DA:740,0
DA:741,0
DA:742,0
DA:743,1
DA:744,11
DA:745,11
DA:746,11
DA:747,11
DA:748,11
DA:749,11
DA:750,22
DA:751,22
DA:752,22
DA:753,22
DA:754,11
DA:755,11
DA:756,114
DA:757,1
DA:758,0
DA:759,0
DA:760,1
DA:761,1
DA:762,114
DA:763,113
DA:764,113
DA:765,113
DA:766,114
DA:767,11
DA:768,11
DA:769,123
DA:770,123
DA:771,0
DA:772,0
DA:773,123
DA:774,0
DA:775,0
DA:776,123
DA:777,122
DA:778,122
DA:779,123
DA:780,11
DA:781,11
DA:782,9
DA:783,0
DA:784,0
DA:785,0
DA:786,0
DA:787,0
DA:788,9
DA:789,9
DA:790,9
DA:791,9
DA:792,11
DA:793,11
DA:794,379
DA:795,0
DA:796,0
DA:797,379
DA:798,3
DA:799,3
DA:800,3
DA:801,376
DA:802,376
DA:803,11
DA:804,11
DA:805,1
DA:806,1
DA:807,1
DA:808,1
DA:809,1
DA:810,11
DA:811,1
DA:812,1
DA:813,1
DA:814,1
DA:815,1
DA:816,1
DA:817,1
DA:818,1
DA:819,1
DA:820,1
DA:821,1
DA:822,11
DA:823,11
DA:824,11
DA:825,1
DA:826,1
DA:827,22
DA:828,22
DA:829,11
DA:830,11
DA:831,11
DA:832,11
DA:833,22
DA:834,22
DA:835,2230
DA:836,2230
DA:837,2230
DA:838,1
DA:839,1
DA:840,1
DA:841,1
DA:842,1
DA:843,1
DA:844,2230
DA:845,21
DA:846,1
DA:847,1
DA:848,10
DA:849,0
DA:850,0
DA:851,10
DA:852,10
DA:853,10
DA:854,10
DA:855,10
DA:856,10
DA:857,10
DA:858,1
DA:859,1
DA:860,2230
DA:861,228
DA:862,114
DA:863,114
DA:864,114
DA:865,114
DA:866,228
DA:867,2230
DA:868,2230
DA:869,226
DA:870,226
DA:871,2004
DA:872,2004
DA:873,2230
DA:874,34
DA:875,34
DA:876,2230
DA:877,1400
DA:878,1400
DA:879,2230
DA:880,570
DA:881,570
DA:882,2230
DA:883,0
DA:884,2230
DA:885,2230
DA:886,1
DA:887,1
DA:888,34
DA:889,34
DA:890,0
DA:891,0
DA:892,34
DA:893,16
DA:894,16
DA:895,8
DA:896,8
DA:897,34
DA:898,9
DA:899,9
DA:900,9
DA:901,9
DA:902,34
DA:903,1
DA:904,1
DA:905,1400
DA:906,1400
DA:907,8
DA:908,0
DA:909,0
DA:910,8
DA:911,8
DA:912,0
DA:913,0
DA:914,8
DA:915,8
DA:916,4
DA:917,4
DA:918,8
DA:919,8
DA:920,1400
DA:921,1388
DA:922,21550
DA:923,2
DA:924,1
DA:925,2
DA:926,2
DA:927,1
DA:928,1
DA:929,1
DA:930,21550
DA:931,21548
DA:932,21548
DA:933,10774
DA:934,0
DA:935,0
DA:936,10774
DA:937,10774
DA:938,10774
DA:939,10774
DA:940,21548
DA:941,21550
DA:942,1388
DA:943,1388
DA:944,1400
DA:945,2
DA:946,2
DA:947,0
DA:948,0
DA:949,0
DA:950,0
DA:951,0
DA:952,0
DA:953,0
DA:954,2
DA:955,2
DA:956,2
DA:957,0
DA:958,0
DA:959,0
DA:960,0
DA:961,2
DA:962,1
DA:963,1
DA:964,1
DA:965,1
DA:966,2
DA:967,2
DA:968,2
DA:969,2
DA:970,1400
DA:971,2
DA:972,0
DA:973,0
DA:974,2
DA:975,2
DA:976,0
DA:977,0
DA:978,2
DA:979,0
DA:980,0
DA:981,2
DA:982,1
DA:983,2
DA:984,2
DA:985,1
DA:986,1
DA:987,1
DA:988,2
DA:989,2
DA:990,1400
DA:991,0
DA:992,0
DA:993,0
DA:994,1400
DA:995,0
DA:996,1400
DA:997,1400
DA:998,1
DA:999,1
DA:1000,570
DA:1001,570
DA:1002,570
DA:1003,570
DA:1004,285
DA:1005,285
DA:1006,285
DA:1007,285
DA:1008,570
DA:1009,1
DA:1010,1
DA:1011,284
DA:1012,284
DA:1013,284
DA:1014,284
DA:1015,284
DA:1016,570
DA:1017,570
DA:1018,570
DA:1019,570
DA:1020,570
DA:1021,570
DA:1022,31
DA:1023,31
DA:1024,570
DA:1025,570
DA:1026,570
DA:1027,570
DA:1028,213
DA:1029,213
DA:1030,570
DA:1031,11
DA:1032,11
DA:1033,11
DA:1034,11
DA:1035,570
DA:1036,570
DA:1037,29
DA:1038,570
DA:1039,0
DA:1040,570
DA:1041,570
DA:1042,1
DA:1043,1
DA:1044,22110
DA:1045,22110
DA:1046,21852
DA:1047,22110
DA:1048,256
DA:1049,0
DA:1050,0
DA:1051,256
DA:1052,22110
DA:1053,0
DA:1054,0
DA:1055,0
DA:1056,0
DA:1057,0
DA:1058,0
DA:1059,0
DA:1060,0
DA:1061,0
DA:1062,0
DA:1063,0
DA:1064,0
DA:1065,0
DA:1066,0
DA:1067,0
DA:1068,22110
DA:1069,2
DA:1070,2
DA:1071,2
DA:1072,0
DA:1073,0
DA:1074,2
DA:1075,2
DA:1076,2
DA:1077,2
DA:1078,0
DA:1079,2
DA:1080,0
DA:1081,2
DA:1082,0
DA:1083,0
DA:1084,2
DA:1085,0
DA:1086,0
DA:1087,2
DA:1088,0
DA:1089,2
DA:1090,0
DA:1091,2
DA:1092,0
DA:1093,2
DA:1094,0
DA:1095,2
DA:1096,0
DA:1097,2
DA:1098,0
DA:1099,2
DA:1100,0
DA:1101,2
DA:1102,0
DA:1103,2
DA:1104,0
DA:1105,2
DA:1106,0
DA:1107,2
DA:1108,0
DA:1109,2
DA:1110,0
DA:1111,2
DA:1112,2
DA:1113,22110
DA:1114,0
DA:1115,22110
DA:1116,22110
DA:1117,1
DA:1118,1
DA:1119,11532
DA:1120,11532
DA:1121,11532
DA:1122,11532
DA:1123,11532
DA:1124,11532
DA:1125,11532
DA:1126,1
DA:1127,1
DA:1128,214
DA:1129,214
DA:1130,214
DA:1131,214
DA:1132,1
DA:1133,1
DA:1134,1
DA:1135,1
DA:1136,1
DA:1137,1
DA:1138,1
DA:1139,1
DA:1140,570
DA:1141,570
DA:1142,570
DA:1143,570
DA:1144,570
DA:1145,570
DA:1146,570
DA:1147,570
DA:1148,285
DA:1149,285
DA:1150,285
DA:1151,285
DA:1152,285
DA:1153,285
DA:1154,285
DA:1155,285
DA:1156,285
DA:1157,285
DA:1158,285
DA:1159,285
DA:1160,285
DA:1161,570
DA:1162,570
DA:1163,570
DA:1164,570
DA:1165,570
DA:1166,570
DA:1167,570
DA:1168,570
DA:1169,1
DA:1170,541
DA:1171,541
DA:1172,541
DA:1173,541
DA:1174,541
DA:1175,541
DA:1176,541
DA:1177,541
DA:1178,541
DA:1179,29
DA:1180,541
DA:1181,541
DA:1182,541
DA:1183,512
DA:1184,541
DA:1185,0
DA:1186,541
DA:1187,541
DA:1188,1
DA:1189,285
DA:1190,285
DA:1191,285
DA:1192,285
DA:1193,285
DA:1194,285
DA:1195,285
DA:1196,285
DA:1197,285
DA:1198,0
DA:1199,0
DA:1200,285
DA:1201,285
DA:1202,285
DA:1203,29
DA:1204,0
DA:1205,0
DA:1206,285
DA:1207,0
DA:1208,0
DA:1209,0
DA:1210,0
DA:1211,285
DA:1212,29
DA:1213,0
DA:1214,0
DA:1215,29
DA:1216,285
DA:1217,0
DA:1218,0
DA:1219,0
DA:1220,0
DA:1221,0
DA:1222,0
DA:1223,0
DA:1224,0
DA:1225,0
DA:1226,0
DA:1227,0
DA:1228,0
DA:1229,0
DA:1230,0
DA:1231,0
DA:1232,0
DA:1233,0
DA:1234,285
DA:1235,227
DA:1236,227
DA:1237,11
DA:1238,0
DA:1239,0
DA:1240,11
DA:1241,11
DA:1242,216
DA:1243,227
DA:1244,2
DA:1245,1
DA:1246,1
DA:1247,1
DA:1248,1
DA:1249,1
DA:1250,227
DA:1251,86
DA:1252,0
DA:1253,0
DA:1254,86
DA:1255,86
DA:1256,86
DA:1257,214
DA:1258,128
DA:1259,1
DA:1260,1
DA:1261,127
DA:1262,127
DA:1263,127
DA:1264,128
DA:1265,0
DA:1266,0
DA:1267,0
DA:1268,0
DA:1269,0
DA:1270,0
DA:1271,285
DA:1272,0
DA:1273,285
DA:1274,285
DA:1275,1
DA:1276,570
DA:1277,570
DA:1278,570
DA:1279,570
DA:1280,58
DA:1281,570
DA:1282,570
DA:1283,570
DA:1284,570
DA:1285,570
DA:1286,570
DA:1287,570
DA:1288,84
DA:1289,570
DA:1290,570
DA:1291,570
DA:1292,570
DA:1293,428
DA:1294,570
DA:1295,0
DA:1296,570
DA:1297,570
DA:1298,1
DA:1299,285
DA:1300,285
DA:1301,285
DA:1302,285
DA:1303,29
DA:1304,285
DA:1305,256
DA:1306,285
DA:1307,285
DA:1308,1
DA:1309,570
DA:1310,570
DA:1311,570
DA:1312,570
DA:1313,570
DA:1314,570
DA:1315,570
DA:1316,570
DA:1317,570
DA:1318,570
DA:1319,570
DA:1320,570
DA:1321,570
DA:1322,570
DA:1323,62
DA:1324,62
DA:1325,570
DA:1326,22
DA:1327,570
DA:1328,570
DA:1329,570
DA:1330,570
DA:1331,428
DA:1332,312
DA:1333,570
DA:1334,570
DA:1335,58
DA:1336,570
DA:1337,0
DA:1338,570
DA:1339,570
DA:1340,1
DA:1341,11
DA:1342,11
DA:1343,11
DA:1344,11
DA:1345,0
DA:1346,0
DA:1347,11
DA:1348,11
DA:1349,1
DA:1350,284
DA:1351,284
DA:1352,284
DA:1353,0
DA:1354,0
DA:1355,284
DA:1356,284
DA:1357,0
DA:1358,0
DA:1359,284
DA:1360,284
DA:1361,1
DA:1362,99
DA:1363,99
DA:1364,99
DA:1365,1
DA:1366,0
DA:1367,0
DA:1368,0
DA:1369,1
DA:1370,9
DA:1371,9
DA:1372,9
DA:1373,1359
DA:1374,1359
DA:1375,504
DA:1376,504
DA:1377,1359
DA:1378,1359
DA:1379,9
DA:1380,9
DA:1381,1
DA:1382,1
DA:1383,1
DA:1384,1
DA:1385,1
DA:1386,1
DA:1387,1
DA:1388,1
DA:1389,1
DA:1390,1
DA:1391,1
DA:1392,1
DA:1393,1
DA:1394,1
DA:1395,1
DA:1396,1
DA:1397,1
DA:1398,1
DA:1399,1
DA:1400,1
DA:1401,1
DA:1402,1
DA:1403,1
DA:1404,1
DA:1405,1
DA:1406,1
DA:1407,1
DA:1408,1
DA:1409,1
DA:1410,1
DA:1411,1
DA:1412,1
DA:1413,1
DA:1414,1
DA:1415,1
DA:1416,1
DA:1417,1
DA:1418,1
DA:1419,1
DA:1420,1
DA:1421,1
DA:1422,1
DA:1423,1
DA:1424,1
DA:1425,1
DA:1426,1
DA:1427,1
DA:1428,1
DA:1429,1
DA:1430,1
DA:1431,1
DA:1432,1
DA:1433,1
DA:1434,1
DA:1435,1
DA:1436,1
DA:1437,1
DA:1438,1
DA:1439,1
DA:1440,1
DA:1441,1
DA:1442,1
DA:1443,1
DA:1444,1
DA:1445,1
DA:1446,1
DA:1447,1
DA:1448,1
DA:1449,1
DA:1450,1
DA:1451,1
DA:1452,1
DA:1453,1
DA:1454,1
DA:1455,1
DA:1456,1
DA:1457,1
DA:1458,1
DA:1459,1
DA:1460,1
DA:1461,1
DA:1462,1
DA:1463,1
DA:1464,1
DA:1465,1
DA:1466,1
DA:1467,1
DA:1468,1
DA:1469,1
DA:1470,1
DA:1471,1
DA:1472,1
DA:1473,1
DA:1474,1
DA:1475,1
DA:1476,1
DA:1477,1
DA:1478,1
DA:1479,1
DA:1480,1
DA:1481,1
DA:1482,1
DA:1483,1
DA:1484,1
DA:1485,1
DA:1486,1
DA:1487,1
DA:1488,1
DA:1489,1
DA:1490,1
DA:1491,1
DA:1492,1
DA:1493,1
DA:1494,1
DA:1495,1
DA:1496,1
DA:1497,1
DA:1498,1
DA:1499,1
DA:1500,1
DA:1501,1
DA:1502,1
DA:1503,1
DA:1504,1
DA:1505,1
DA:1506,1
DA:1507,1
DA:1508,1
DA:1509,1
DA:1510,1
DA:1511,1
DA:1512,1
DA:1513,1
DA:1514,1
DA:1515,1
DA:1516,1
DA:1517,1
DA:1518,1
DA:1519,1
DA:1520,1
DA:1521,1
DA:1522,1
DA:1523,1
DA:1524,1
DA:1525,1
DA:1526,1
DA:1527,1
DA:1528,1
DA:1529,1
DA:1530,1
DA:1531,1
DA:1532,1
DA:1533,1
DA:1534,1
DA:1535,1
DA:1536,1
LF:1536
LH:1269
BRDA:33,0,0,1
BRDA:116,1,0,9
BRDA:193,2,0,11
BRDA:195,3,0,5
BRDA:195,4,0,6
BRDA:196,5,0,5
BRDA:196,6,0,6
BRDA:197,7,0,5
BRDA:209,8,0,11
BRDA:214,9,0,11
BRDA:218,10,0,11
BRDA:224,11,0,11
BRDA:231,12,0,1247
BRDA:232,13,0,0
BRDA:235,14,0,132
BRDA:238,15,0,1117
BRDA:238,16,0,1115
BRDA:242,17,0,1116
BRDA:242,18,0,1108
BRDA:242,19,0,1079
BRDA:242,20,0,152
BRDA:242,21,0,114
BRDA:246,22,0,1115
BRDA:257,23,0,1115
BRDA:264,24,0,113
BRDA:265,25,0,1002
BRDA:266,26,0,994
BRDA:266,27,0,965
BRDA:266,28,0,38
BRDA:266,29,0,9
BRDA:278,30,0,993
BRDA:279,31,0,8
BRDA:279,32,0,8
BRDA:279,33,0,8
BRDA:279,34,0,8
BRDA:291,35,0,985
BRDA:292,36,0,0
BRDA:295,37,0,985
BRDA:298,38,0,700
BRDA:301,39,0,4
BRDA:310,40,0,0
BRDA:329,41,0,694
BRDA:330,42,0,695
BRDA:332,43,0,10776
BRDA:334,44,0,0
BRDA:335,45,0,1
BRDA:337,46,0,10775
BRDA:340,47,0,10081
BRDA:340,48,0,10081
BRDA:340,49,0,10081
BRDA:342,50,0,695
BRDA:353,51,0,1
BRDA:362,52,0,0
BRDA:366,53,0,285
BRDA:378,54,0,1247
BRDA:383,55,0,25666
BRDA:384,56,0,0
BRDA:386,57,0,25646
BRDA:386,58,0,20
BRDA:389,59,0,25646
BRDA:390,60,0,22589
BRDA:390,61,0,3057
BRDA:394,62,0,22727
BRDA:394,63,0,22589
BRDA:395,64,0,22588
BRDA:395,65,0,1
BRDA:401,66,0,3
BRDA:402,67,0,0
BRDA:403,68,0,0
BRDA:403,69,0,0
BRDA:411,70,0,1
BRDA:416,71,0,2
BRDA:421,72,0,0
BRDA:428,73,0,22727
BRDA:428,74,0,22588
BRDA:429,75,0,22585
BRDA:429,76,0,10926
BRDA:435,77,0,11662
BRDA:436,78,0,1324
BRDA:439,79,0,6138
BRDA:439,80,0,0
BRDA:439,81,0,4973
BRDA:446,82,0,10338
BRDA:448,83,0,0
BRDA:453,84,0,10338
BRDA:459,85,0,0
BRDA:469,86,0,1115
BRDA:471,87,0,47684
BRDA:475,88,0,22589
BRDA:477,89,0,0
BRDA:484,90,0,1196
BRDA:486,91,0,0
BRDA:492,92,0,1
BRDA:494,93,0,0
BRDA:500,94,0,10337
BRDA:502,95,0,0
BRDA:505,96,0,0
BRDA:511,97,0,12290
BRDA:515,98,0,1002
BRDA:516,99,0,0
BRDA:541,100,0,56075
BRDA:542,101,0,23111
BRDA:545,102,0,32151
BRDA:546,103,0,12025
BRDA:546,104,0,0
BRDA:546,105,0,12025
BRDA:546,106,0,1941
BRDA:553,107,0,17800
BRDA:555,108,0,4234
BRDA:555,109,0,13566
BRDA:556,110,0,1196
BRDA:556,111,0,12678
BRDA:557,112,0,12370
BRDA:562,113,0,6138
BRDA:563,114,0,1333
BRDA:566,115,0,10926
BRDA:570,116,0,10923
BRDA:573,117,0,3
BRDA:573,118,0,0
BRDA:576,119,0,0
BRDA:584,120,0,32154
BRDA:585,121,0,0
BRDA:587,122,0,32151
BRDA:587,123,0,22067
BRDA:589,124,0,10087
BRDA:589,125,0,3
BRDA:589,126,0,10084
BRDA:589,127,0,3
BRDA:591,128,0,0
BRDA:591,129,0,0
BRDA:596,130,0,22070
BRDA:601,131,0,0
BRDA:608,132,0,11053
BRDA:612,133,0,11054
BRDA:615,134,0,11055
BRDA:617,135,0,885
BRDA:618,136,0,10170
BRDA:618,137,0,11035
BRDA:618,138,0,88
BRDA:621,139,0,10082
BRDA:622,140,0,10935
BRDA:622,141,0,10914
BRDA:622,142,0,10081
BRDA:625,143,0,1
BRDA:626,144,0,22
BRDA:626,145,0,0
BRDA:629,146,0,1
BRDA:637,147,0,11054
BRDA:639,148,0,0
BRDA:642,149,0,0
BRDA:642,150,0,0
BRDA:646,151,0,0
BRDA:646,152,0,0
BRDA:655,153,0,10994
BRDA:655,154,0,10926
BRDA:658,155,0,128
BRDA:661,156,0,0
BRDA:671,157,0,10082
BRDA:672,158,0,0
BRDA:673,159,0,10081
BRDA:673,160,0,1
BRDA:679,161,0,285
BRDA:680,162,0,29
BRDA:683,163,0,256
BRDA:685,164,0,0
BRDA:686,165,0,256
BRDA:687,166,0,127
BRDA:687,167,0,0
BRDA:694,168,0,256
BRDA:695,169,0,29
BRDA:695,170,0,29
BRDA:700,171,0,227
BRDA:701,172,0,0
BRDA:701,173,0,0
BRDA:724,174,0,227
BRDA:727,175,0,139
BRDA:730,176,0,88
BRDA:732,177,0,88
BRDA:732,178,0,88
BRDA:735,179,0,86
BRDA:735,180,0,0
BRDA:740,181,0,0
BRDA:744,182,0,11
BRDA:749,183,0,22
BRDA:755,184,0,114
BRDA:756,185,0,1
BRDA:757,186,0,0
BRDA:762,187,0,113
BRDA:768,188,0,123
BRDA:770,189,0,0
BRDA:773,190,0,0
BRDA:776,191,0,122
BRDA:781,192,0,9
BRDA:782,193,0,0
BRDA:793,194,0,379
BRDA:794,195,0,0
BRDA:797,196,0,3
BRDA:798,197,0,0
BRDA:799,198,0,2
BRDA:801,199,0,376
BRDA:804,200,0,1
BRDA:821,201,0,11
BRDA:826,202,0,22
BRDA:828,203,0,11
BRDA:834,204,0,2230
BRDA:837,205,0,1
BRDA:841,206,0,0
BRDA:841,207,0,0
BRDA:845,208,0,21
BRDA:847,209,0,10
BRDA:848,210,0,0
BRDA:859,211,0,2230
BRDA:860,212,0,228
BRDA:861,213,0,114
BRDA:868,214,0,226
BRDA:871,215,0,2004
BRDA:873,216,0,34
BRDA:876,217,0,1400
BRDA:879,218,0,570
BRDA:882,219,0,0
BRDA:887,220,0,34
BRDA:889,221,0,0
BRDA:892,222,0,16
BRDA:894,223,0,8
BRDA:897,224,0,18
BRDA:897,225,0,9
BRDA:904,226,0,1400
BRDA:906,227,0,8
BRDA:907,228,0,0
BRDA:911,229,0,0
BRDA:915,230,0,4
BRDA:920,231,0,1388
BRDA:921,232,0,21550
BRDA:922,233,0,2
BRDA:923,234,0,1
BRDA:924,235,0,2
BRDA:930,236,0,21548
BRDA:932,237,0,10774
BRDA:933,238,0,0
BRDA:944,239,0,2
BRDA:946,240,0,0
BRDA:956,241,0,0
BRDA:961,242,0,1
BRDA:970,243,0,2
BRDA:971,244,0,0
BRDA:975,245,0,0
BRDA:978,246,0,0
BRDA:981,247,0,1
BRDA:982,248,0,2
BRDA:990,249,0,0
BRDA:994,250,0,0
BRDA:999,251,0,570
BRDA:1003,252,0,285
BRDA:1008,253,0,256
BRDA:1008,254,0,1
BRDA:1011,255,0,284
BRDA:1016,256,0,29
BRDA:1017,257,0,30
BRDA:1018,258,0,31
BRDA:1019,259,0,31
BRDA:1020,260,0,31
BRDA:1021,261,0,31
BRDA:1022,262,0,0
BRDA:1024,263,0,126
BRDA:1025,264,0,127
BRDA:1026,265,0,213
BRDA:1027,266,0,213
BRDA:1028,267,0,0
BRDA:1030,268,0,11
BRDA:1031,269,0,0
BRDA:1035,270,0,0
BRDA:1036,271,0,29
BRDA:1038,272,0,0
BRDA:1043,273,0,22110
BRDA:1045,274,0,21852
BRDA:1047,275,0,256
BRDA:1048,276,0,0
BRDA:1052,277,0,0
BRDA:1068,278,0,2
BRDA:1071,279,0,0
BRDA:1077,280,0,0
BRDA:1079,281,0,0
BRDA:1081,282,0,0
BRDA:1084,283,0,0
BRDA:1087,284,0,0
BRDA:1089,285,0,0
BRDA:1091,286,0,0
BRDA:1093,287,0,0
BRDA:1095,288,0,0
BRDA:1097,289,0,0
BRDA:1099,290,0,0
BRDA:1101,291,0,0
BRDA:1103,292,0,0
BRDA:1105,293,0,0
BRDA:1107,294,0,0
BRDA:1109,295,0,0
BRDA:1113,296,0,0
BRDA:1118,297,0,11532
BRDA:1127,298,0,214
BRDA:1140,299,0,570
BRDA:1147,300,0,285
BRDA:1147,301,0,285
BRDA:1148,302,0,29
BRDA:1148,303,0,256
BRDA:1170,304,0,541
BRDA:1177,305,0,29
BRDA:1178,306,0,29
BRDA:1180,307,0,58
BRDA:1181,308,0,512
BRDA:1182,309,0,512
BRDA:1184,310,0,0
BRDA:1189,311,0,285
BRDA:1197,312,0,0
BRDA:1202,313,0,29
BRDA:1204,314,0,0
BRDA:1206,315,0,0
BRDA:1211,316,0,29
BRDA:1212,317,0,0
BRDA:1216,318,0,0
BRDA:1234,319,0,227
BRDA:1236,320,0,11
BRDA:1237,321,0,0
BRDA:1242,322,0,216
BRDA:1243,323,0,2
BRDA:1244,324,0,1
BRDA:1250,325,0,214
BRDA:1250,326,0,86
BRDA:1251,327,0,0
BRDA:1251,328,0,0
BRDA:1251,329,0,0
BRDA:1257,330,0,128
BRDA:1258,331,0,118
BRDA:1258,332,0,97
BRDA:1258,333,0,1
BRDA:1261,334,0,127
BRDA:1265,335,0,0
BRDA:1271,336,0,0
BRDA:1276,337,0,570
BRDA:1278,338,0,58
BRDA:1279,339,0,58
BRDA:1281,340,0,58
BRDA:1282,341,0,60
BRDA:1283,342,0,62
BRDA:1284,343,0,62
BRDA:1285,344,0,62
BRDA:1286,345,0,62
BRDA:1287,346,0,84
BRDA:1289,347,0,254
BRDA:1290,348,0,256
BRDA:1291,349,0,428
BRDA:1292,350,0,428
BRDA:1294,351,0,0
BRDA:1299,352,0,285
BRDA:1301,353,0,29
BRDA:1302,354,0,29
BRDA:1304,355,0,256
BRDA:1309,356,0,570
BRDA:1315,357,0,285
BRDA:1317,358,0,58
BRDA:1318,359,0,60
BRDA:1319,360,0,62
BRDA:1320,361,0,62
BRDA:1321,362,0,62
BRDA:1322,363,0,62
BRDA:1323,364,0,0
BRDA:1325,365,0,22
BRDA:1327,366,0,254
BRDA:1328,367,0,256
BRDA:1329,368,0,428
BRDA:1330,369,0,428
BRDA:1331,370,0,116
BRDA:1332,371,0,312
BRDA:1333,372,0,58
BRDA:1334,373,0,58
BRDA:1336,374,0,0
BRDA:1341,375,0,11
BRDA:1344,376,0,0
BRDA:1350,377,0,284
BRDA:1352,378,0,0
BRDA:1356,379,0,0
BRDA:1362,380,0,99
BRDA:1370,381,0,9
BRDA:1372,382,0,1359
BRDA:1374,383,0,504
BRF:384
BRH:280
end_of_record
TN:
SF:src/basicConverter.ts
FN:22,basicToPrg
FN:67,normalize
FN:73,tokenize
FN:128,matchToken
FN:139,buildTokenTable
FNF:5
FNH:5
FNDA:20,basicToPrg
FNDA:20,normalize
FNDA:113,tokenize
FNDA:1159,matchToken
FNDA:3,buildTokenTable
DA:1,1
DA:2,1
DA:3,1
DA:4,1
DA:5,1
DA:6,1
DA:7,1
DA:8,1
DA:9,1
DA:10,1
DA:11,1
DA:12,1
DA:13,1
DA:14,1
DA:15,1
DA:16,1
DA:17,1
DA:18,1
DA:19,1
DA:20,1
DA:21,1
DA:22,1
DA:23,20
DA:24,20
DA:25,20
DA:26,20
DA:27,20
DA:28,20
DA:29,20
DA:30,20
DA:31,133
DA:32,133
DA:33,20
DA:34,20
DA:35,113
DA:36,113
DA:37,133
DA:38,0
DA:39,0
DA:40,113
DA:41,113
DA:42,133
DA:43,0
DA:44,0
DA:45,113
DA:46,133
DA:47,133
DA:48,133
DA:49,133
DA:50,133
DA:51,133
DA:52,133
DA:53,133
DA:54,133
DA:55,133
DA:56,133
DA:57,133
DA:58,133
DA:59,133
DA:60,20
DA:61,20
DA:62,20
DA:63,20
DA:64,20
DA:65,20
DA:66,1
DA:67,20
DA:68,20
DA:69,20
DA:70,20
DA:71,20
DA:72,1
DA:73,113
DA:74,113
DA:75,113
DA:76,113
DA:77,113
DA:78,113
DA:79,113
DA:80,113
DA:81,1214
DA:82,1159
DA:83,1159
DA:84,263
DA:85,263
DA:86,263
DA:87,2
DA:88,2
DA:89,263
DA:90,263
DA:91,1159
DA:92,951
DA:93,951
DA:94,951
DA:95,951
DA:96,1214
DA:97,42
DA:98,42
DA:99,42
DA:100,42
DA:101,42
DA:102,21
DA:103,21
DA:104,21
DA:105,21
DA:106,76
DA:107,76
DA:108,21
DA:109,21
DA:110,21
DA:111,21
DA:112,21
DA:113,42
DA:114,42
DA:115,909
DA:116,1214
DA:117,1214
DA:118,1214
DA:119,1214
DA:120,113
DA:121,113
DA:122,0
DA:123,0
DA:124,113
DA:125,113
DA:126,113
DA:127,1
DA:128,1159
DA:129,1159
DA:130,76639
DA:131,263
DA:132,263
DA:133,76639
DA:134,896
DA:135,896
DA:136,1
DA:137,1
DA:138,1
DA:139,3
DA:140,3
DA:141,3
DA:142,3
DA:143,3
DA:144,3
DA:145,3
DA:146,3
DA:147,3
DA:148,3
DA:149,3
DA:150,3
DA:151,3
DA:152,3
DA:153,3
DA:154,3
DA:155,3
DA:156,3
DA:157,3
DA:158,3
DA:159,3
DA:160,3
DA:161,3
DA:162,3
DA:163,3
DA:164,3
DA:165,3
DA:166,3
DA:167,3
DA:168,3
DA:169,3
DA:170,3
DA:171,3
DA:172,3
DA:173,3
DA:174,3
DA:175,3
DA:176,3
DA:177,3
DA:178,3
DA:179,3
DA:180,3
DA:181,3
DA:182,3
DA:183,3
DA:184,3
DA:185,3
DA:186,3
DA:187,3
DA:188,3
DA:189,3
DA:190,3
DA:191,3
DA:192,3
DA:193,3
DA:194,3
DA:195,3
DA:196,3
DA:197,3
DA:198,3
DA:199,3
DA:200,3
DA:201,3
DA:202,3
DA:203,3
DA:204,3
DA:205,3
DA:206,3
DA:207,3
DA:208,3
DA:209,3
DA:210,3
DA:211,3
DA:212,3
DA:213,3
DA:214,3
DA:215,3
DA:216,3
DA:217,3
DA:218,3
DA:219,3
DA:220,3
DA:221,3
DA:222,3
DA:223,3
LF:223
LH:217
BRDA:22,0,0,20
BRDA:23,1,0,0
BRDA:30,2,0,133
BRDA:32,3,0,20
BRDA:35,4,0,113
BRDA:37,5,0,0
BRDA:40,6,0,113
BRDA:42,7,0,113
BRDA:42,8,0,0
BRDA:45,9,0,113
BRDA:46,10,0,0
BRDA:67,11,0,20
BRDA:73,12,0,113
BRDA:80,13,0,1214
BRDA:81,14,0,1193
BRDA:81,15,0,1159
BRDA:83,16,0,263
BRDA:86,17,0,2
BRDA:92,18,0,1046
BRDA:92,19,0,951
BRDA:96,20,0,917
BRDA:96,21,0,42
BRDA:101,22,0,21
BRDA:105,23,0,97
BRDA:105,24,0,76
BRDA:110,25,0,76
BRDA:115,26,0,909
BRDA:116,27,0,875
BRDA:116,28,0,34
BRDA:116,29,0,0
BRDA:121,30,0,0
BRDA:128,31,0,1159
BRDA:129,32,0,76639
BRDA:130,33,0,263
BRDA:134,34,0,896
BRDA:139,35,0,3
BRDA:221,36,0,1065
BRDA:222,37,0,228
BRF:38
BRH:32
end_of_record
TN:
SF:src/c64Client.ts
FN:35,C64Client
FN:46,printTextOnPrinterAndRun
FN:60,printBitmapOnCommodoreAndRun
FN:74,printBitmapOnEpsonAndRun
FN:89,defineCustomCharsOnCommodoreAndRun
FN:98,uploadAndRunBasic
FN:107,generateAndRunSpritePrg
FN:123,renderPetsciiScreenAndRun
FN:132,uploadAndRunAsm
FN:137,runPrg
FN:155,sidplayAttachment
FN:165,loadPrgFile
FN:175,runPrgFile
FN:185,runCrtFile
FN:195,sidplayFile
FN:205,modplayFile
FN:216,readScreen
FN:222,reset
FN:236,reboot
FN:250,readMemory
FN:278,writeMemory
FN:340,sidSetVolume
FN:346,sidReset
FN:367,sidNoteOn
FN:419,sidNoteOff
FN:433,sidSilenceAll
FN:439,version
FN:444,info
FN:449,pause
FN:460,resume
FN:470,poweroff
FN:474,menuButton
FN:484,debugregRead
FN:494,debugregWrite
FN:504,drivesList
FN:508,driveMount
FN:516,driveRemove
FN:520,driveReset
FN:524,driveOn
FN:528,driveOff
FN:532,driveLoadRom
FN:547,driveSetMode
FN:551,streamStart
FN:555,streamStop
FN:559,configsList
FN:563,configGet
FN:567,configSet
FN:571,configBatchUpdate
FN:575,configLoadFromFlash
FN:579,configSaveToFlash
FN:583,configResetToDefault
FN:587,filesInfo
FN:591,filesCreateD64
FN:595,filesCreateD71
FN:599,filesCreateD81
FN:603,filesCreateDnp
FN:607,extractBytes
FN:660,readMemoryRaw
FN:690,normaliseError
FN:706,parseNumeric
FN:739,formatAddress
FN:746,bytesToHex
FN:751,hexStringToBuffer
FN:773,hzToSidFrequency
FN:780,noteNameToHz
FN:807,toByte
FN:812,buildSingleSpriteProgram
FN:905,buildPetsciiScreenBasic
FN:919,buildPrinterBasicProgram
FN:969,chunkString
FN:980,escapeBasicQuotes
FN:985,buildCommodoreBitmapBasicProgram
FN:1024,buildEpsonBitmapBasicProgram
FN:1039,modeCode
FN:1072,buildCommodoreDllBasicProgram
FN:1099,hex2
FN:1103,hex16
FNF:77
FNH:74
FNDA:2,C64Client
FNDA:3,printTextOnPrinterAndRun
FNDA:2,printBitmapOnCommodoreAndRun
FNDA:2,printBitmapOnEpsonAndRun
FNDA:2,defineCustomCharsOnCommodoreAndRun
FNDA:12,uploadAndRunBasic
FNDA:1,generateAndRunSpritePrg
FNDA:1,renderPetsciiScreenAndRun
FNDA:1,uploadAndRunAsm
FNDA:15,runPrg
FNDA:0,sidplayAttachment
FNDA:1,loadPrgFile
FNDA:1,runPrgFile
FNDA:1,runCrtFile
FNDA:1,sidplayFile
FNDA:1,modplayFile
FNDA:1,readScreen
FNDA:2,reset
FNDA:2,reboot
FNDA:6,readMemory
FNDA:7,writeMemory
FNDA:2,sidSetVolume
FNDA:4,sidReset
FNDA:2,sidNoteOn
FNDA:2,sidNoteOff
FNDA:2,sidSilenceAll
FNDA:1,version
FNDA:1,info
FNDA:2,pause
FNDA:2,resume
FNDA:1,poweroff
FNDA:1,menuButton
FNDA:2,debugregRead
FNDA:2,debugregWrite
FNDA:1,drivesList
FNDA:1,driveMount
FNDA:1,driveRemove
FNDA:1,driveReset
FNDA:1,driveOn
FNDA:1,driveOff
FNDA:1,driveLoadRom
FNDA:1,driveSetMode
FNDA:1,streamStart
FNDA:1,streamStop
FNDA:1,configsList
FNDA:1,configGet
FNDA:1,configSet
FNDA:1,configBatchUpdate
FNDA:1,configLoadFromFlash
FNDA:1,configSaveToFlash
FNDA:1,configResetToDefault
FNDA:1,filesInfo
FNDA:1,filesCreateD64
FNDA:1,filesCreateD71
FNDA:1,filesCreateD81
FNDA:1,filesCreateDnp
FNDA:0,extractBytes
FNDA:7,readMemoryRaw
FNDA:0,normaliseError
FNDA:18,parseNumeric
FNDA:13,formatAddress
FNDA:15,bytesToHex
FNDA:7,hexStringToBuffer
FNDA:2,hzToSidFrequency
FNDA:2,noteNameToHz
FNDA:4,toByte
FNDA:1,buildSingleSpriteProgram
FNDA:1,buildPetsciiScreenBasic
FNDA:6,buildPrinterBasicProgram
FNDA:8,chunkString
FNDA:8,escapeBasicQuotes
FNDA:4,buildCommodoreBitmapBasicProgram
FNDA:4,buildEpsonBitmapBasicProgram
FNDA:4,modeCode
FNDA:4,buildCommodoreDllBasicProgram
FNDA:63,hex2
FNDA:2,hex16
DA:1,1
DA:2,1
DA:3,1
DA:4,1
DA:5,1
DA:6,1
DA:7,1
DA:8,1
DA:9,1
DA:10,1
DA:11,1
DA:12,1
DA:13,1
DA:14,1
DA:15,1
DA:16,1
DA:17,1
DA:18,1
DA:19,1
DA:20,1
DA:21,1
DA:22,1
DA:23,1
DA:24,1
DA:25,1
DA:26,1
DA:27,1
DA:28,1
DA:29,1
DA:30,1
DA:31,1
DA:32,1
DA:33,1
DA:34,1
DA:35,1
DA:36,2
DA:37,2
DA:38,2
DA:39,2
DA:40,2
DA:41,1
DA:42,1
DA:43,1
DA:44,1
DA:45,1
DA:46,1
DA:47,3
DA:48,3
DA:49,3
DA:50,3
DA:51,3
DA:52,3
DA:53,3
DA:54,3
DA:55,1
DA:56,1
DA:57,1
DA:58,1
DA:59,1
DA:60,1
DA:61,2
DA:62,2
DA:63,2
DA:64,2
DA:65,2
DA:66,2
DA:67,2
DA:68,2
DA:69,2
DA:70,1
DA:71,1
DA:72,1
DA:73,1
DA:74,1
DA:75,2
DA:76,2
DA:77,2
DA:78,2
DA:79,2
DA:80,2
DA:81,2
DA:82,2
DA:83,2
DA:84,1
DA:85,1
DA:86,1
DA:87,1
DA:88,1
DA:89,1
DA:90,2
DA:91,2
DA:92,2
DA:93,2
DA:94,2
DA:95,2
DA:96,2
DA:97,1
DA:98,1
DA:99,12
DA:100,12
DA:101,12
DA:102,1
DA:103,1
DA:104,1
DA:105,1
DA:106,1
DA:107,1
DA:108,1
DA:109,1
DA:110,1
DA:111,1
DA:112,1
DA:113,1
DA:114,1
DA:115,1
DA:116,1
DA:117,1
DA:118,1
DA:119,1
DA:120,1
DA:121,1
DA:122,1
DA:123,1
DA:124,1
DA:125,1
DA:126,1
DA:127,1
DA:128,1
DA:129,1
DA:130,1
DA:131,1
DA:132,1
DA:133,1
DA:134,1
DA:135,1
DA:136,1
DA:137,1
DA:138,15
DA:139,15
DA:140,7
DA:141,7
DA:142,7
DA:143,7
DA:144,7
DA:145,7
DA:146,8
DA:147,8
DA:148,8
DA:149,8
DA:150,0
DA:151,0
DA:152,15
DA:153,1
DA:154,1
DA:155,1
DA:156,0
DA:157,0
DA:158,0
DA:159,0
DA:160,0
DA:161,0
DA:162,0
DA:163,0
DA:164,1
DA:165,1
DA:166,1
DA:167,1
DA:168,1
DA:169,1
DA:170,1
DA:171,0
DA:172,0
DA:173,1
DA:174,1
DA:175,1
DA:176,1
DA:177,1
DA:178,1
DA:179,1
DA:180,1
DA:181,0
DA:182,0
DA:183,1
DA:184,1
DA:185,1
DA:186,1
DA:187,1
DA:188,1
DA:189,1
DA:190,1
DA:191,0
DA:192,0
DA:193,1
DA:194,1
DA:195,1
DA:196,1
DA:197,1
DA:198,1
DA:199,1
DA:200,1
DA:201,0
DA:202,0
DA:203,1
DA:204,1
DA:205,1
DA:206,1
DA:207,1
DA:208,1
DA:209,1
DA:210,1
DA:211,1
DA:212,0
DA:213,0
DA:214,1
DA:215,1
DA:216,1
DA:217,1
DA:218,1
DA:219,1
DA:220,1
DA:221,1
DA:222,1
DA:223,2
DA:224,2
DA:225,1
DA:226,1
DA:227,1
DA:228,1
DA:229,1
DA:230,1
DA:231,1
DA:232,0
DA:233,0
DA:234,2
DA:235,1
DA:236,1
DA:237,2
DA:238,2
DA:239,1
DA:240,1
DA:241,1
DA:242,1
DA:243,1
DA:244,1
DA:245,1
DA:246,0
DA:247,0
DA:248,2
DA:249,1
DA:250,1
DA:251,6
DA:252,6
DA:253,6
DA:254,6
DA:255,6
DA:256,0
DA:257,0
DA:258,6
DA:259,6
DA:260,6
DA:261,6
DA:262,6
DA:263,6
DA:264,6
DA:265,6
DA:266,6
DA:267,6
DA:268,6
DA:269,6
DA:270,6
DA:271,0
DA:272,0
DA:273,0
DA:274,0
DA:275,0
DA:276,6
DA:277,1
DA:278,1
DA:279,7
DA:280,7
DA:281,7
DA:282,7
DA:283,7
DA:284,0
DA:285,0
DA:286,7
DA:287,7
DA:288,7
DA:289,7
DA:290,7
DA:291,7
DA:292,7
DA:293,7
DA:294,7
DA:295,7
DA:296,7
DA:297,7
DA:298,7
DA:299,7
DA:300,0
DA:301,0
DA:302,0
DA:303,0
DA:304,0
DA:305,0
DA:306,0
DA:307,0
DA:308,0
DA:309,0
DA:310,0
DA:311,0
DA:312,0
DA:313,0
DA:314,0
DA:315,0
DA:316,0
DA:317,0
DA:318,0
DA:319,0
DA:320,0
DA:321,0
DA:322,0
DA:323,0
DA:324,0
DA:325,0
DA:326,0
DA:327,0
DA:328,0
DA:329,0
DA:330,0
DA:331,0
DA:332,0
DA:333,0
DA:334,0
DA:335,0
DA:336,7
DA:337,1
DA:338,1
DA:339,1
DA:340,1
DA:341,2
DA:342,2
DA:343,2
DA:344,2
DA:345,1
DA:346,1
DA:347,4
DA:348,4
DA:349,4
DA:350,1
DA:351,1
DA:352,1
DA:353,1
DA:354,1
DA:355,1
DA:356,1
DA:357,3
DA:358,3
DA:359,3
DA:360,3
DA:361,3
DA:362,4
DA:363,0
DA:364,0
DA:365,4
DA:366,1
DA:367,1
DA:368,2
DA:369,2
DA:370,2
DA:371,2
DA:372,2
DA:373,2
DA:374,2
DA:375,2
DA:376,2
DA:377,2
DA:378,2
DA:379,2
DA:380,2
DA:381,0
DA:382,0
DA:383,2
DA:384,2
DA:385,2
DA:386,2
DA:387,2
DA:388,2
DA:389,2
DA:390,2
DA:391,2
DA:392,2
DA:393,2
DA:394,2
DA:395,2
DA:396,2
DA:397,2
DA:398,0
DA:399,2
DA:400,2
DA:401,2
DA:402,2
DA:403,2
DA:404,2
DA:405,2
DA:406,2
DA:407,2
DA:408,2
DA:409,2
DA:410,2
DA:411,2
DA:412,2
DA:413,2
DA:414,2
DA:415,0
DA:416,0
DA:417,2
DA:418,1
DA:419,1
DA:420,2
DA:421,0
DA:422,0
DA:423,2
DA:424,2
DA:425,2
DA:426,2
DA:427,2
DA:428,2
DA:429,0
DA:430,0
DA:431,2
DA:432,1
DA:433,1
DA:434,2
DA:435,2
DA:436,1
DA:437,1
DA:438,1
DA:439,1
DA:440,1
DA:441,1
DA:442,1
DA:443,1
DA:444,1
DA:445,1
DA:446,1
DA:447,1
DA:448,1
DA:449,1
DA:450,2
DA:451,2
DA:452,1
DA:453,1
DA:454,1
DA:455,1
DA:456,1
DA:457,1
DA:458,2
DA:459,1
DA:460,1
DA:461,2
DA:462,2
DA:463,1
DA:464,1
DA:465,1
DA:466,1
DA:467,1
DA:468,2
DA:469,1
DA:470,1
DA:471,1
DA:472,1
DA:473,1
DA:474,1
DA:475,1
DA:476,1
DA:477,0
DA:478,0
DA:479,0
DA:480,1
DA:481,1
DA:482,1
DA:483,1
DA:484,1
DA:485,2
DA:486,2
DA:487,1
DA:488,1
DA:489,1
DA:490,1
DA:491,1
DA:492,2
DA:493,1
DA:494,1
DA:495,2
DA:496,2
DA:497,1
DA:498,1
DA:499,1
DA:500,1
DA:501,1
DA:502,2
DA:503,1
DA:504,1
DA:505,1
DA:506,1
DA:507,1
DA:508,1
DA:509,1
DA:510,1
DA:511,1
DA:512,1
DA:513,1
DA:514,1
DA:515,1
DA:516,1
DA:517,1
DA:518,1
DA:519,1
DA:520,1
DA:521,1
DA:522,1
DA:523,1
DA:524,1
DA:525,1
DA:526,1
DA:527,1
DA:528,1
DA:529,1
DA:530,1
DA:531,1
DA:532,1
DA:533,1
DA:534,1
DA:535,1
DA:536,0
DA:537,0
DA:538,0
DA:539,1
DA:540,1
DA:541,1
DA:542,1
DA:543,0
DA:544,0
DA:545,1
DA:546,1
DA:547,1
DA:548,1
DA:549,1
DA:550,1
DA:551,1
DA:552,1
DA:553,1
DA:554,1
DA:555,1
DA:556,1
DA:557,1
DA:558,1
DA:559,1
DA:560,1
DA:561,1
DA:562,1
DA:563,1
DA:564,1
DA:565,1
DA:566,1
DA:567,1
DA:568,1
DA:569,1
DA:570,1
DA:571,1
DA:572,1
DA:573,1
DA:574,1
DA:575,1
DA:576,1
DA:577,1
DA:578,1
DA:579,1
DA:580,1
DA:581,1
DA:582,1
DA:583,1
DA:584,1
DA:585,1
DA:586,1
DA:587,1
DA:588,1
DA:589,1
DA:590,1
DA:591,1
DA:592,1
DA:593,1
DA:594,1
DA:595,1
DA:596,1
DA:597,1
DA:598,1
DA:599,1
DA:600,1
DA:601,1
DA:602,1
DA:603,1
DA:604,1
DA:605,1
DA:606,1
DA:607,1
DA:608,0
DA:609,0
DA:610,0
DA:611,0
DA:612,0
DA:613,0
DA:614,0
DA:615,0
DA:616,0
DA:617,0
DA:618,0
DA:619,0
DA:620,0
DA:621,0
DA:622,0
DA:623,0
DA:624,0
DA:625,0
DA:626,0
DA:627,0
DA:628,0
DA:629,0
DA:630,0
DA:631,0
DA:632,0
DA:633,0
DA:634,0
DA:635,0
DA:636,0
DA:637,0
DA:638,0
DA:639,0
DA:640,0
DA:641,0
DA:642,0
DA:643,0
DA:644,0
DA:645,0
DA:646,0
DA:647,0
DA:648,0
DA:649,0
DA:650,0
DA:651,0
DA:652,0
DA:653,0
DA:654,0
DA:655,1
DA:656,1
DA:657,1
DA:658,1
DA:659,1
DA:660,1
DA:661,7
DA:662,7
DA:663,7
DA:664,7
DA:665,0
DA:666,0
DA:667,0
DA:668,0
DA:669,0
DA:670,0
DA:671,0
DA:672,0
DA:673,0
DA:674,0
DA:675,0
DA:676,7
DA:677,7
DA:678,7
DA:679,0
DA:680,0
DA:681,0
DA:682,0
DA:683,0
DA:684,0
DA:685,0
DA:686,0
DA:687,7
DA:688,7
DA:689,1
DA:690,1
DA:691,0
DA:692,0
DA:693,0
DA:694,0
DA:695,0
DA:696,0
DA:697,0
DA:698,0
DA:699,0
DA:700,0
DA:701,0
DA:702,0
DA:703,0
DA:704,0
DA:705,1
DA:706,1
DA:707,18
DA:708,0
DA:709,0
DA:710,18
DA:711,18
DA:712,18
DA:713,0
DA:714,0
DA:715,18
DA:716,18
DA:717,18
DA:718,18
DA:719,18
DA:720,18
DA:721,11
DA:722,11
DA:723,18
DA:724,0
DA:725,0
DA:726,7
DA:727,1
DA:728,1
DA:729,1
DA:730,18
DA:731,18
DA:732,18
DA:733,0
DA:734,0
DA:735,18
DA:736,18
DA:737,18
DA:738,1
DA:739,1
DA:740,13
DA:741,0
DA:742,0
DA:743,13
DA:744,13
DA:745,1
DA:746,1
DA:747,15
DA:748,15
DA:749,15
DA:750,1
DA:751,1
DA:752,7
DA:753,0
DA:754,0
DA:755,7
DA:756,7
DA:757,0
DA:758,0
DA:759,7
DA:760,7
DA:761,7
DA:762,7
DA:763,7
DA:764,0
DA:765,0
DA:766,7
DA:767,0
DA:768,0
DA:769,7
DA:770,7
DA:771,7
DA:772,1
DA:773,1
DA:774,2
DA:775,2
DA:776,2
DA:777,2
DA:778,2
DA:779,1
DA:780,1
DA:781,2
DA:782,2
DA:783,2
DA:784,2
DA:785,2
DA:786,2
DA:787,2
DA:788,2
DA:789,2
DA:790,2
DA:791,2
DA:792,2
DA:793,2
DA:794,2
DA:795,2
DA:796,2
DA:797,2
DA:798,2
DA:799,2
DA:800,2
DA:801,2
DA:802,2
DA:803,1
DA:804,1
DA:805,1
DA:806,1
DA:807,4
DA:808,4
DA:809,4
DA:810,4
DA:811,1
DA:812,1
DA:813,1
DA:814,1
DA:815,1
DA:816,1
DA:817,1
DA:818,1
DA:819,1
DA:820,1
DA:821,1
DA:822,1
DA:823,1
DA:824,1
DA:825,1
DA:826,1
DA:827,1
DA:828,1
DA:829,1
DA:830,0
DA:831,0
DA:832,1
DA:833,1
DA:834,1
DA:835,1
DA:836,1
DA:837,1
DA:838,1
DA:839,1
DA:840,1
DA:841,1
DA:842,1
DA:843,1
DA:844,1
DA:845,1
DA:846,1
DA:847,1
DA:848,1
DA:849,1
DA:850,1
DA:851,1
DA:852,1
DA:853,1
DA:854,1
DA:855,1
DA:856,1
DA:857,1
DA:858,1
DA:859,1
DA:860,1
DA:861,1
DA:862,1
DA:863,1
DA:864,1
DA:865,1
DA:866,1
DA:867,1
DA:868,1
DA:869,1
DA:870,1
DA:871,0
DA:872,0
DA:873,0
DA:874,0
DA:875,0
DA:876,1
DA:877,1
DA:878,0
DA:879,0
DA:880,0
DA:881,0
DA:882,0
DA:883,1
DA:884,1
DA:885,1
DA:886,1
DA:887,1
DA:888,1
DA:889,1
DA:890,1
DA:891,1
DA:892,1
DA:893,1
DA:894,1
DA:895,21
DA:896,21
DA:897,21
DA:898,21
DA:899,21
DA:900,1
DA:901,1
DA:902,1
DA:903,1
DA:904,1
DA:905,1
DA:906,1
DA:907,1
DA:908,1
DA:909,1
DA:910,1
DA:911,1
DA:912,1
DA:913,1
DA:914,1
DA:915,1
DA:916,1
DA:917,1
DA:918,1
DA:919,1
DA:920,6
DA:921,6
DA:922,6
DA:923,6
DA:924,6
DA:925,6
DA:926,6
DA:927,6
DA:928,6
DA:929,6
DA:930,6
DA:931,0
DA:932,6
DA:933,6
DA:934,6
DA:935,6
DA:936,6
DA:937,6
DA:938,6
DA:939,6
DA:940,6
DA:941,6
DA:942,6
DA:943,8
DA:944,0
DA:945,0
DA:946,0
DA:947,0
DA:948,8
DA:949,8
DA:950,8
DA:951,8
DA:952,8
DA:953,8
DA:954,8
DA:955,8
DA:956,6
DA:957,6
DA:958,2
DA:959,2
DA:960,2
DA:961,6
DA:962,6
DA:963,6
DA:964,6
DA:965,6
DA:966,6
DA:967,6
DA:968,1
DA:969,8
DA:970,8
DA:971,0
DA:972,0
DA:973,0
DA:974,0
DA:975,0
DA:976,0
DA:977,0
DA:978,0
DA:979,1
DA:980,8
DA:981,8
DA:982,8
DA:983,8
DA:984,1
DA:985,1
DA:986,4
DA:987,4
DA:988,4
DA:989,4
DA:990,4
DA:991,4
DA:992,4
DA:993,4
DA:994,4
DA:995,4
DA:996,23
DA:997,23
DA:998,4
DA:999,4
DA:1000,4
DA:1001,4
DA:1002,4
DA:1003,4
DA:1004,4
DA:1005,4
DA:1006,4
DA:1007,0
DA:1008,0
DA:1009,4
DA:1010,4
DA:1011,4
DA:1012,4
DA:1013,4
DA:1014,4
DA:1015,4
DA:1016,4
DA:1017,4
DA:1018,4
DA:1019,4
DA:1020,4
DA:1021,4
DA:1022,4
DA:1023,1
DA:1024,1
DA:1025,4
DA:1026,4
DA:1027,4
DA:1028,4
DA:1029,4
DA:1030,4
DA:1031,4
DA:1032,4
DA:1033,4
DA:1034,4
DA:1035,4
DA:1036,4
DA:1037,4
DA:1038,4
DA:1039,4
DA:1040,4
DA:1041,4
DA:1042,4
DA:1043,4
DA:1044,4
DA:1045,4
DA:1046,4
DA:1047,0
DA:1048,0
DA:1049,4
DA:1050,4
DA:1051,4
DA:1052,4
DA:1053,4
DA:1054,4
DA:1055,4
DA:1056,4
DA:1057,4
DA:1058,4
DA:1059,4
DA:1060,4
DA:1061,4
DA:1062,4
DA:1063,4
DA:1064,4
DA:1065,7
DA:1066,7
DA:1067,7
DA:1068,7
DA:1069,4
DA:1070,4
DA:1071,1
DA:1072,1
DA:1073,4
DA:1074,4
DA:1075,4
DA:1076,4
DA:1077,4
DA:1078,4
DA:1079,4
DA:1080,4
DA:1081,4
DA:1082,4
DA:1083,4
DA:1084,4
DA:1085,4
DA:1086,4
DA:1087,4
DA:1088,4
DA:1089,4
DA:1090,4
DA:1091,4
DA:1092,4
DA:1093,4
DA:1094,4
DA:1095,4
DA:1096,4
DA:1097,4
DA:1098,1
DA:1099,63
DA:1100,63
DA:1101,63
DA:1102,1
DA:1103,2
DA:1104,2
DA:1105,2
LF:1105
LH:890
BRDA:35,0,0,2
BRDA:39,1,0,2
BRDA:46,2,0,3
BRDA:60,3,0,2
BRDA:74,4,0,2
BRDA:89,5,0,2
BRDA:98,6,0,12
BRDA:107,7,0,1
BRDA:123,8,0,1
BRDA:132,9,0,1
BRDA:137,10,0,15
BRDA:139,11,0,7
BRDA:140,12,0,0
BRDA:146,13,0,8
BRDA:149,14,0,0
BRDA:165,15,0,1
BRDA:170,16,0,0
BRDA:175,17,0,1
BRDA:180,18,0,0
BRDA:185,19,0,1
BRDA:190,20,0,0
BRDA:195,21,0,1
BRDA:200,22,0,0
BRDA:205,23,0,1
BRDA:208,24,0,0
BRDA:211,25,0,0
BRDA:216,26,0,1
BRDA:222,27,0,2
BRDA:224,28,0,1
BRDA:231,29,0,0
BRDA:236,30,0,2
BRDA:238,31,0,1
BRDA:245,32,0,0
BRDA:250,33,0,6
BRDA:253,34,0,5
BRDA:255,35,0,0
BRDA:270,36,0,0
BRDA:278,37,0,7
BRDA:283,38,0,0
BRDA:299,39,0,0
BRDA:340,40,0,2
BRDA:346,41,0,4
BRDA:349,42,0,1
BRDA:357,43,0,3
BRDA:362,44,0,0
BRDA:367,45,0,2
BRDA:379,46,0,0
BRDA:380,47,0,0
BRDA:384,48,0,0
BRDA:389,49,0,1
BRDA:393,50,0,0
BRDA:395,51,0,0
BRDA:396,52,0,0
BRDA:398,53,0,0
BRDA:401,54,0,1
BRDA:402,55,0,1
BRDA:403,56,0,1
BRDA:404,57,0,1
BRDA:414,58,0,0
BRDA:419,59,0,2
BRDA:420,60,0,0
BRDA:428,61,0,0
BRDA:433,62,0,2
BRDA:439,63,0,1
BRDA:444,64,0,1
BRDA:449,65,0,2
BRDA:451,66,0,1
BRDA:457,67,0,0
BRDA:460,68,0,2
BRDA:462,69,0,1
BRDA:467,70,0,0
BRDA:470,71,0,1
BRDA:471,72,0,0
BRDA:474,73,0,1
BRDA:476,74,0,0
BRDA:481,75,0,0
BRDA:484,76,0,2
BRDA:486,77,0,1
BRDA:491,78,0,0
BRDA:494,79,0,2
BRDA:496,80,0,1
BRDA:501,81,0,0
BRDA:504,82,0,1
BRDA:508,83,0,1
BRDA:513,84,0,0
BRDA:516,85,0,1
BRDA:517,86,0,0
BRDA:520,87,0,1
BRDA:521,88,0,0
BRDA:524,89,0,1
BRDA:525,90,0,0
BRDA:528,91,0,1
BRDA:529,92,0,0
BRDA:532,93,0,1
BRDA:534,94,0,0
BRDA:535,95,0,0
BRDA:542,96,0,0
BRDA:547,97,0,1
BRDA:548,98,0,0
BRDA:551,99,0,1
BRDA:552,100,0,0
BRDA:555,101,0,1
BRDA:556,102,0,0
BRDA:559,103,0,1
BRDA:563,104,0,1
BRDA:567,105,0,1
BRDA:568,106,0,0
BRDA:571,107,0,1
BRDA:572,108,0,0
BRDA:575,109,0,1
BRDA:576,110,0,0
BRDA:579,111,0,1
BRDA:580,112,0,0
BRDA:583,113,0,1
BRDA:584,114,0,0
BRDA:587,115,0,1
BRDA:591,116,0,1
BRDA:592,117,0,0
BRDA:595,118,0,1
BRDA:596,119,0,0
BRDA:599,120,0,1
BRDA:600,121,0,0
BRDA:603,122,0,1
BRDA:604,123,0,0
BRDA:660,124,0,7
BRDA:664,125,0,0
BRDA:676,126,0,0
BRDA:678,127,0,0
BRDA:687,128,0,0
BRDA:706,129,0,18
BRDA:707,130,0,0
BRDA:712,131,0,0
BRDA:720,132,0,11
BRDA:723,133,0,7
BRDA:723,134,0,0
BRDA:726,135,0,1
BRDA:732,136,0,0
BRDA:739,137,0,13
BRDA:740,138,0,0
BRDA:746,139,0,15
BRDA:748,140,0,0
BRDA:751,141,0,7
BRDA:752,142,0,0
BRDA:756,143,0,0
BRDA:760,144,0,0
BRDA:763,145,0,0
BRDA:766,146,0,0
BRDA:773,147,0,2
BRDA:774,148,0,0
BRDA:780,149,0,2
BRDA:783,150,0,0
BRDA:796,151,0,0
BRDA:797,152,0,0
BRDA:798,153,0,0
BRDA:807,154,0,4
BRDA:808,155,0,0
BRDA:812,156,0,1
BRDA:820,157,0,0
BRDA:821,158,0,0
BRDA:823,159,0,0
BRDA:829,160,0,0
BRDA:870,161,0,0
BRDA:877,162,0,0
BRDA:894,163,0,21
BRDA:895,164,0,0
BRDA:896,165,0,0
BRDA:897,166,0,0
BRDA:905,167,0,1
BRDA:919,168,0,6
BRDA:925,169,0,4
BRDA:926,170,0,0
BRDA:930,171,0,0
BRDA:938,172,0,0
BRDA:942,173,0,8
BRDA:943,174,0,0
BRDA:951,175,0,0
BRDA:957,176,0,2
BRDA:969,177,0,8
BRDA:971,178,0,0
BRDA:980,179,0,8
BRDA:985,180,0,4
BRDA:992,181,0,0
BRDA:993,182,0,0
BRDA:995,183,0,0
BRDA:1006,184,0,0
BRDA:995,185,0,23
BRDA:997,186,0,0
BRDA:1024,187,0,4
BRDA:1031,188,0,0
BRDA:1035,189,0,0
BRDA:1036,190,0,0
BRDA:1037,191,0,0
BRDA:1046,192,0,0
BRDA:1064,193,0,7
BRDA:1031,194,0,52
BRDA:1039,195,0,4
BRDA:1041,196,0,0
BRDA:1058,197,0,5
BRDA:1072,198,0,4
BRDA:1078,199,0,0
BRDA:1079,200,0,3
BRDA:1079,201,0,1
BRDA:1084,202,0,0
BRDA:1086,203,0,0
BRDA:1090,204,0,0
BRDA:1091,205,0,0
BRDA:1090,206,0,44
BRDA:1092,207,0,44
BRDA:1099,208,0,63
BRDA:1103,209,0,2
BRF:210
BRH:106
end_of_record
TN:
SF:src/chargen.ts
FN:37,parseCsvLine
FN:69,parseCsv
FN:91,parseDecimal
FN:103,parseHex
FN:124,parseHexByte
FN:132,parsePetsciiCode
FN:141,parseScreenCode
FN:149,readChargenCsv
FN:155,loadGlyphs
FN:199,setIfMissing
FN:219,getChargenGlyphs
FN:224,findGlyphByPetscii
FN:229,findGlyphByBasicChar
FNF:13
FNH:12
FNDA:514,parseCsvLine
FNDA:2,parseCsv
FNDA:1280,parseDecimal
FNDA:3200,parseHex
FNDA:3072,parseHexByte
FNDA:512,parsePetsciiCode
FNDA:512,parseScreenCode
FNDA:2,readChargenCsv
FNDA:19,loadGlyphs
FNDA:432,setIfMissing
FNDA:7,getChargenGlyphs
FNDA:0,findGlyphByPetscii
FNDA:12,findGlyphByBasicChar
DA:1,1
DA:2,1
DA:3,1
DA:4,1
DA:5,1
DA:6,1
DA:7,1
DA:8,1
DA:9,1
DA:10,1
DA:11,1
DA:12,1
DA:13,1
DA:14,1
DA:15,1
DA:16,1
DA:17,1
DA:18,1
DA:19,1
DA:20,1
DA:21,1
DA:22,1
DA:23,1
DA:24,1
DA:25,1
DA:26,1
DA:27,1
DA:28,1
DA:29,1
DA:30,1
DA:31,1
DA:32,1
DA:33,1
DA:34,1
DA:35,1
DA:36,1
DA:37,514
DA:38,514
DA:39,514
DA:40,514
DA:41,514
DA:42,514
DA:43,39118
DA:44,39118
DA:45,92
DA:46,24
DA:47,4
DA:48,4
DA:49,24
DA:50,20
DA:51,20
DA:52,92
DA:53,68
DA:54,68
DA:55,39118
DA:56,20
DA:57,39026
DA:58,8224
DA:59,8224
DA:60,39006
DA:61,30782
DA:62,30782
DA:63,39118
DA:64,514
DA:65,514
DA:66,514
DA:67,514
DA:68,1
DA:69,2
DA:70,2
DA:71,2
DA:72,0
DA:73,0
DA:74,2
DA:75,2
DA:76,2
DA:77,2
DA:78,512
DA:79,512
DA:80,512
DA:81,512
DA:82,8704
DA:83,8704
DA:84,8704
DA:85,8704
DA:86,512
DA:87,512
DA:88,2
DA:89,2
DA:90,1
DA:91,1280
DA:92,1280
DA:93,384
DA:94,384
DA:95,896
DA:96,1280
DA:97,0
DA:98,0
DA:99,896
DA:100,1280
DA:101,1280
DA:102,1
DA:103,3200
DA:104,3200
DA:105,128
DA:106,128
DA:107,3072
DA:108,3200
DA:109,0
DA:110,0
DA:111,3072
DA:112,3072
DA:113,3072
DA:114,3200
DA:115,0
DA:116,0
DA:117,3072
DA:118,3200
DA:119,0
DA:120,0
DA:121,3072
DA:122,3072
DA:123,1
DA:124,3072
DA:125,3072
DA:126,3072
DA:127,0
DA:128,0
DA:129,3072
DA:130,3072
DA:131,1
DA:132,512
DA:133,512
DA:134,512
DA:135,512
DA:136,512
DA:137,512
DA:138,512
DA:139,512
DA:140,1
DA:141,512
DA:142,512
DA:143,512
DA:144,512
DA:145,512
DA:146,512
DA:147,512
DA:148,1
DA:149,2
DA:150,2
DA:151,2
DA:152,2
DA:153,2
DA:154,1
DA:155,19
DA:156,19
DA:157,17
DA:158,17
DA:159,2
DA:160,2
DA:161,2
DA:162,2
DA:163,19
DA:164,512
DA:165,512
DA:166,512
DA:167,128
DA:168,128
DA:169,512
DA:170,0
DA:171,0
DA:172,384
DA:173,384
DA:174,512
DA:175,3072
DA:176,3072
DA:177,3072
DA:178,3072
DA:179,3072
DA:180,3072
DA:181,384
DA:182,512
DA:183,512
DA:184,512
DA:185,512
DA:186,512
DA:187,512
DA:188,512
DA:189,512
DA:190,512
DA:191,512
DA:192,512
DA:193,512
DA:194,512
DA:195,512
DA:196,512
DA:197,512
DA:198,512
DA:199,324
DA:200,432
DA:201,216
DA:202,216
DA:203,324
DA:204,324
DA:205,324
DA:206,324
DA:207,4
DA:208,4
DA:209,324
DA:210,324
DA:211,104
DA:212,104
DA:213,324
DA:214,512
DA:215,2
DA:216,2
DA:217,2
DA:218,1
DA:219,1
DA:220,7
DA:221,7
DA:222,7
DA:223,1
DA:224,1
DA:225,0
DA:226,0
DA:227,0
DA:228,1
DA:229,1
DA:230,12
DA:231,0
DA:232,0
DA:233,12
DA:234,12
DA:235,12
LF:235
LH:216
BRDA:37,0,0,514
BRDA:42,1,0,39118
BRDA:44,2,0,92
BRDA:45,3,0,24
BRDA:46,4,0,4
BRDA:49,5,0,20
BRDA:52,6,0,68
BRDA:55,7,0,39026
BRDA:55,8,0,20
BRDA:57,9,0,39006
BRDA:57,10,0,8224
BRDA:60,11,0,30782
BRDA:69,12,0,2
BRDA:71,13,0,0
BRDA:77,14,0,512
BRDA:81,15,0,8704
BRDA:83,16,0,0
BRDA:70,17,0,516
BRDA:91,18,0,1280
BRDA:92,19,0,384
BRDA:95,20,0,896
BRDA:96,21,0,0
BRDA:99,22,0,896
BRDA:100,23,0,0
BRDA:103,24,0,3200
BRDA:104,25,0,128
BRDA:107,26,0,3072
BRDA:108,27,0,0
BRDA:111,28,0,3072
BRDA:114,29,0,0
BRDA:117,30,0,3072
BRDA:118,31,0,0
BRDA:121,32,0,3072
BRDA:124,33,0,3072
BRDA:126,34,0,0
BRDA:132,35,0,512
BRDA:135,36,0,128
BRDA:136,37,0,128
BRDA:137,38,0,128
BRDA:141,39,0,512
BRDA:144,40,0,0
BRDA:145,41,0,0
BRDA:149,42,0,2
BRDA:155,43,0,19
BRDA:156,44,0,17
BRDA:159,45,0,2
BRDA:163,46,0,512
BRDA:166,47,0,384
BRDA:166,48,0,128
BRDA:169,49,0,384
BRDA:169,50,0,0
BRDA:172,51,0,384
BRDA:174,52,0,3072
BRDA:177,53,0,0
BRDA:179,54,0,0
BRDA:181,55,0,384
BRDA:182,56,0,0
BRDA:182,57,0,384
BRDA:182,58,0,0
BRDA:186,59,0,384
BRDA:186,60,0,384
BRDA:186,61,0,0
BRDA:198,62,0,384
BRDA:198,63,0,324
BRDA:206,64,0,4
BRDA:210,65,0,104
BRDA:215,66,0,2
BRDA:184,67,0,1536
BRDA:184,68,0,1152
BRDA:185,69,0,776
BRDA:185,70,0,384
BRDA:199,71,0,432
BRDA:200,72,0,216
BRDA:219,73,0,7
BRDA:229,74,0,12
BRDA:230,75,0,0
BRF:76
BRH:59
end_of_record
TN:
SF:src/config.ts
FN:22,loadConfig
FN:99,configuredString
FN:103,configuredPort
FN:116,normaliseBaseUrl
FN:125,parseEndpoint
FN:140,stripTrailingSlash
FN:144,firstDefined
FN:151,buildBaseUrl
FN:158,formatHost
FN:165,__resetConfigCacheForTests
FNF:10
FNH:10
FNDA:4,loadConfig
FNDA:48,configuredString
FNDA:11,configuredPort
FNDA:8,normaliseBaseUrl
FNDA:24,parseEndpoint
FNDA:9,stripTrailingSlash
FNDA:8,firstDefined
FNDA:5,buildBaseUrl
FNDA:9,formatHost
FNDA:8,__resetConfigCacheForTests
DA:1,1
DA:2,1
DA:3,1
DA:4,1
DA:5,1
DA:6,1
DA:7,1
DA:8,1
DA:9,1
DA:10,1
DA:11,1
DA:12,1
DA:13,1
DA:14,1
DA:15,1
DA:16,1
DA:17,1
DA:18,1
DA:19,1
DA:20,1
DA:21,1
DA:22,1
DA:23,4
DA:24,0
DA:25,0
DA:26,4
DA:27,4
DA:28,4
DA:29,4
DA:30,4
DA:31,4
DA:32,4
DA:33,4
DA:34,0
DA:35,0
DA:36,0
DA:37,0
DA:38,0
DA:39,0
DA:40,0
DA:41,0
DA:42,0
DA:43,0
DA:44,0
DA:45,0
DA:46,0
DA:47,4
DA:48,4
DA:49,4
DA:50,4
DA:51,4
DA:52,4
DA:53,4
DA:54,4
DA:55,4
DA:56,4
DA:57,4
DA:58,4
DA:59,4
DA:60,4
DA:61,4
DA:62,4
DA:63,4
DA:64,4
DA:65,4
DA:66,4
DA:67,4
DA:68,4
DA:69,4
DA:70,4
DA:71,4
DA:72,4
DA:73,4
DA:74,4
DA:75,4
DA:76,4
DA:77,4
DA:78,4
DA:79,4
DA:80,4
DA:81,4
DA:82,4
DA:83,4
DA:84,4
DA:85,4
DA:86,4
DA:87,4
DA:88,4
DA:89,4
DA:90,4
DA:91,4
DA:92,4
DA:93,4
DA:94,4
DA:95,4
DA:96,4
DA:97,4
DA:98,1
DA:99,48
DA:100,48
DA:101,48
DA:102,1
DA:103,11
DA:104,11
DA:105,2
DA:106,2
DA:107,11
DA:108,3
DA:109,3
DA:110,3
DA:111,3
DA:112,3
DA:113,6
DA:114,6
DA:115,1
DA:116,8
DA:117,8
DA:118,8
DA:119,8
DA:120,0
DA:121,0
DA:122,3
DA:123,3
DA:124,1
DA:125,24
DA:126,24
DA:127,24
DA:128,6
DA:129,6
DA:130,24
DA:131,24
DA:132,24
DA:133,24
DA:134,24
DA:135,24
DA:136,0
DA:137,0
DA:138,24
DA:139,1
DA:140,9
DA:141,9
DA:142,9
DA:143,1
DA:144,8
DA:145,8
DA:146,27
DA:147,27
DA:148,1
DA:149,1
DA:150,1
DA:151,5
DA:152,5
DA:153,5
DA:154,5
DA:155,5
DA:156,5
DA:157,1
DA:158,9
DA:159,9
DA:160,0
DA:161,0
DA:162,9
DA:163,9
DA:164,1
DA:165,1
DA:166,8
DA:167,8
LF:167
LH:146
BRDA:22,0,0,4
BRDA:23,1,0,0
BRDA:27,2,0,0
BRDA:33,3,0,0
BRDA:56,4,0,3
BRDA:57,5,0,3
BRDA:61,6,0,3
BRDA:74,7,0,3
BRDA:83,8,0,0
BRDA:84,9,0,1
BRDA:87,10,0,1
BRDA:87,11,0,3
BRDA:70,12,0,8
BRDA:80,13,0,8
BRDA:99,14,0,48
BRDA:100,15,0,12
BRDA:100,16,0,36
BRDA:103,17,0,11
BRDA:104,18,0,2
BRDA:104,19,0,2
BRDA:104,20,0,2
BRDA:104,21,0,2
BRDA:107,22,0,9
BRDA:107,23,0,3
BRDA:107,24,0,3
BRDA:113,25,0,6
BRDA:116,26,0,8
BRDA:118,27,0,5
BRDA:119,28,0,3
BRDA:119,29,0,0
BRDA:122,30,0,3
BRDA:125,31,0,24
BRDA:127,32,0,18
BRDA:128,33,0,6
BRDA:130,34,0,3
BRDA:130,35,0,3
BRDA:131,36,0,0
BRDA:132,37,0,3
BRDA:132,38,0,3
BRDA:135,39,0,0
BRDA:140,40,0,9
BRDA:144,41,0,8
BRDA:145,42,0,27
BRDA:146,43,0,7
BRDA:146,44,0,7
BRDA:148,45,0,1
BRDA:151,46,0,5
BRDA:152,47,0,0
BRDA:154,48,0,2
BRDA:154,49,0,3
BRDA:158,50,0,9
BRDA:159,51,0,0
BRDA:159,52,0,0
BRDA:165,53,0,8
BRF:54
BRH:44
end_of_record
TN:
SF:src/device.ts
FN:83,readConfigFile
FN:111,C64uBackend
FN:118,getBaseUrl
FN:120,ping
FN:127,runPrg
FN:132,loadPrgFile
FN:136,runPrgFile
FN:140,runCrtFile
FN:144,sidplayFile
FN:148,sidplayAttachment
FN:154,readMemory
FN:170,writeMemory
FN:183,reset
FN:184,reboot
FN:185,pause
FN:186,resume
FN:187,poweroff
FN:188,menuButton
FN:189,debugregRead
FN:190,debugregWrite
FN:191,version
FN:192,info
FN:193,drivesList
FN:194,driveMount
FN:195,driveRemove
FN:196,driveReset
FN:197,driveOn
FN:198,driveOff
FN:199,driveSetMode
FN:200,driveLoadRom
FN:201,streamStart
FN:202,streamStop
FN:203,configsList
FN:204,configGet
FN:205,configSet
FN:206,configBatchUpdate
FN:207,configLoadFromFlash
FN:208,configSaveToFlash
FN:209,configResetToDefault
FN:210,filesInfo
FN:211,filesCreateD64
FN:212,filesCreateD71
FN:213,filesCreateD81
FN:214,filesCreateDnp
FN:215,modplayFile
FN:221,ViceBackend
FN:224,ping
FN:225,runPrg
FN:235,loadPrgFile
FN:236,runPrgFile
FN:241,runCrtFile
FN:242,sidplayFile
FN:243,sidplayAttachment
FN:244,readMemory
FN:245,writeMemory
FN:246,reset
FN:247,reboot
FN:248,pause
FN:249,resume
FN:250,poweroff
FN:251,menuButton
FN:252,debugregRead
FN:253,debugregWrite
FN:254,version
FN:255,info
FN:256,drivesList
FN:257,driveMount
FN:258,driveRemove
FN:259,driveReset
FN:260,driveOn
FN:261,driveOff
FN:262,driveSetMode
FN:263,driveLoadRom
FN:264,streamStart
FN:265,streamStop
FN:266,configsList
FN:267,configGet
FN:268,configSet
FN:269,configBatchUpdate
FN:270,configLoadFromFlash
FN:271,configSaveToFlash
FN:272,configResetToDefault
FN:273,filesInfo
FN:274,filesCreateD64
FN:275,filesCreateD71
FN:276,filesCreateD81
FN:277,filesCreateDnp
FN:280,unsupported
FN:282,extractBytes
FN:298,which
FN:310,writeTempPrg
FN:318,resolveTimeout
FN:320,spawnWithTimeout
FN:333,createFacade
FN:387,resolveBaseUrl
FN:404,configuredString
FN:412,configuredPort
FN:427,normaliseBaseUrl
FN:436,parseEndpoint
FN:448,buildBaseUrl
FN:455,formatHost
FN:459,stripTrailingSlash
FN:463,firstDefined
FNF:103
FNH:9
FNDA:0,readConfigFile
FNDA:2,C64uBackend
FNDA:0,getBaseUrl
FNDA:0,ping
FNDA:0,runPrg
FNDA:0,loadPrgFile
FNDA:0,runPrgFile
FNDA:0,runCrtFile
FNDA:0,sidplayFile
FNDA:0,sidplayAttachment
FNDA:6,readMemory
FNDA:11,writeMemory
FNDA:0,reset
FNDA:0,reboot
FNDA:0,pause
FNDA:0,resume
FNDA:0,poweroff
FNDA:0,menuButton
FNDA:0,debugregRead
FNDA:0,debugregWrite
FNDA:0,version
FNDA:0,info
FNDA:0,drivesList
FNDA:0,driveMount
FNDA:0,driveRemove
FNDA:0,driveReset
FNDA:0,driveOn
FNDA:0,driveOff
FNDA:0,driveSetMode
FNDA:0,driveLoadRom
FNDA:0,streamStart
FNDA:0,streamStop
FNDA:0,configsList
FNDA:0,configGet
FNDA:0,configSet
FNDA:0,configBatchUpdate
FNDA:0,configLoadFromFlash
FNDA:0,configSaveToFlash
FNDA:0,configResetToDefault
FNDA:0,filesInfo
FNDA:0,filesCreateD64
FNDA:0,filesCreateD71
FNDA:0,filesCreateD81
FNDA:0,filesCreateDnp
FNDA:0,modplayFile
FNDA:0,ViceBackend
FNDA:0,ping
FNDA:0,runPrg
FNDA:0,loadPrgFile
FNDA:0,runPrgFile
FNDA:0,runCrtFile
FNDA:0,sidplayFile
FNDA:0,sidplayAttachment
FNDA:0,readMemory
FNDA:0,writeMemory
FNDA:0,reset
FNDA:0,reboot
FNDA:0,pause
FNDA:0,resume
FNDA:0,poweroff
FNDA:0,menuButton
FNDA:0,debugregRead
FNDA:0,debugregWrite
FNDA:0,version
FNDA:0,info
FNDA:0,drivesList
FNDA:0,driveMount
FNDA:0,driveRemove
FNDA:0,driveReset
FNDA:0,driveOn
FNDA:0,driveOff
FNDA:0,driveSetMode
FNDA:0,driveLoadRom
FNDA:0,streamStart
FNDA:0,streamStop
FNDA:0,configsList
FNDA:0,configGet
FNDA:0,configSet
FNDA:0,configBatchUpdate
FNDA:0,configLoadFromFlash
FNDA:0,configSaveToFlash
FNDA:0,configResetToDefault
FNDA:0,filesInfo
FNDA:0,filesCreateD64
FNDA:0,filesCreateD71
FNDA:0,filesCreateD81
FNDA:0,filesCreateDnp
FNDA:0,unsupported
FNDA:6,extractBytes
FNDA:0,which
FNDA:0,writeTempPrg
FNDA:0,resolveTimeout
FNDA:0,spawnWithTimeout
FNDA:2,createFacade
FNDA:2,resolveBaseUrl
FNDA:2,configuredString
FNDA:0,configuredPort
FNDA:2,normaliseBaseUrl
FNDA:0,parseEndpoint
FNDA:0,buildBaseUrl
FNDA:0,formatHost
FNDA:2,stripTrailingSlash
FNDA:0,firstDefined
DA:1,1
DA:2,1
DA:3,1
DA:4,1
DA:5,1
DA:6,1
DA:7,1
DA:8,1
DA:9,1
DA:10,1
DA:11,1
DA:12,1
DA:13,1
DA:14,1
DA:15,1
DA:16,1
DA:17,1
DA:18,1
DA:19,1
DA:20,1
DA:21,1
DA:22,1
DA:23,1
DA:24,1
DA:25,1
DA:26,1
DA:27,1
DA:28,1
DA:29,1
DA:30,1
DA:31,1
DA:32,1
DA:33,1
DA:34,1
DA:35,1
DA:36,1
DA:37,1
DA:38,1
DA:39,1
DA:40,1
DA:41,1
DA:42,1
DA:43,1
DA:44,1
DA:45,1
DA:46,1
DA:47,1
DA:48,1
DA:49,1
DA:50,1
DA:51,1
DA:52,1
DA:53,1
DA:54,1
DA:55,1
DA:56,1
DA:57,1
DA:58,1
DA:59,1
DA:60,1
DA:61,1
DA:62,1
DA:63,1
DA:64,1
DA:65,1
DA:66,1
DA:67,1
DA:68,1
DA:69,1
DA:70,1
DA:71,1
DA:72,1
DA:73,1
DA:74,1
DA:75,1
DA:76,1
DA:77,1
DA:78,1
DA:79,1
DA:80,1
DA:81,1
DA:82,1
DA:83,0
DA:84,0
DA:85,0
DA:86,0
DA:87,0
DA:88,0
DA:89,0
DA:90,0
DA:91,0
DA:92,0
DA:93,0
DA:94,0
DA:95,0
DA:96,0
DA:97,0
DA:98,0
DA:99,0
DA:100,0
DA:101,0
DA:102,0
DA:103,0
DA:104,0
DA:105,1
DA:106,1
DA:107,1
DA:108,1
DA:109,1
DA:110,1
DA:111,1
DA:112,2
DA:113,2
DA:114,2
DA:115,2
DA:116,2
DA:117,1
DA:118,1
DA:119,1
DA:120,1
DA:121,0
DA:122,0
DA:123,0
DA:124,0
DA:125,0
DA:126,1
DA:127,1
DA:128,0
DA:129,0
DA:130,0
DA:131,0
DA:132,1
DA:133,0
DA:134,0
DA:135,0
DA:136,1
DA:137,0
DA:138,0
DA:139,0
DA:140,1
DA:141,0
DA:142,0
DA:143,0
DA:144,1
DA:145,0
DA:146,0
DA:147,0
DA:148,1
DA:149,0
DA:150,0
DA:151,0
DA:152,0
DA:153,0
DA:154,1
DA:155,6
DA:156,6
DA:157,6
DA:158,6
DA:159,6
DA:160,6
DA:161,6
DA:162,6
DA:163,6
DA:164,0
DA:165,0
DA:166,0
DA:167,6
DA:168,6
DA:169,6
DA:170,1
DA:171,11
DA:172,11
DA:173,10
DA:174,11
DA:175,1
DA:176,1
DA:177,1
DA:178,1
DA:179,1
DA:180,1
DA:181,1
DA:182,11
DA:183,1
DA:184,1
DA:185,1
DA:186,1
DA:187,1
DA:188,1
DA:189,1
DA:190,1
DA:191,1
DA:192,1
DA:193,1
DA:194,1
DA:195,1
DA:196,1
DA:197,1
DA:198,1
DA:199,1
DA:200,1
DA:201,1
DA:202,1
DA:203,1
DA:204,1
DA:205,1
DA:206,1
DA:207,1
DA:208,1
DA:209,1
DA:210,1
DA:211,1
DA:212,1
DA:213,1
DA:214,1
DA:215,1
DA:216,1
DA:217,1
DA:218,1
DA:219,1
DA:220,1
DA:221,1
DA:222,0
DA:223,0
DA:224,1
DA:225,1
DA:226,0
DA:227,0
DA:228,0
DA:229,0
DA:230,0
DA:231,0
DA:232,0
DA:233,0
DA:234,0
DA:235,1
DA:236,1
DA:237,0
DA:238,0
DA:239,0
DA:240,0
DA:241,1
DA:242,1
DA:243,1
DA:244,1
DA:245,1
DA:246,1
DA:247,1
DA:248,1
DA:249,1
DA:250,1
DA:251,1
DA:252,1
DA:253,1
DA:254,1
DA:255,1
DA:256,1
DA:257,1
DA:258,1
DA:259,1
DA:260,1
DA:261,1
DA:262,1
DA:263,1
DA:264,1
DA:265,1
DA:266,1
DA:267,1
DA:268,1
DA:269,1
DA:270,1
DA:271,1
DA:272,1
DA:273,1
DA:274,1
DA:275,1
DA:276,1
DA:277,1
DA:278,1
DA:279,1
DA:280,0
DA:281,1
DA:282,6
DA:283,6
DA:284,6
DA:285,6
DA:286,0
DA:287,0
DA:288,6
DA:289,0
DA:290,6
DA:291,0
DA:292,0
DA:293,0
DA:294,0
DA:295,0
DA:296,0
DA:297,1
DA:298,0
DA:299,0
DA:300,0
DA:301,0
DA:302,0
DA:303,0
DA:304,0
DA:305,0
DA:306,0
DA:307,0
DA:308,0
DA:309,1
DA:310,0
DA:311,0
DA:312,0
DA:313,0
DA:314,0
DA:315,0
DA:316,0
DA:317,1
DA:318,0
DA:319,1
DA:320,0
DA:321,0
DA:322,0
DA:323,0
DA:324,0
DA:325,0
DA:326,0
DA:327,0
DA:328,1
DA:329,1
DA:330,1
DA:331,1
DA:332,1
DA:333,1
DA:334,2
DA:335,2
DA:336,2
DA:337,2
DA:338,2
DA:339,2
DA:340,0
DA:341,2
DA:342,2
DA:343,2
DA:344,2
DA:345,2
DA:346,0
DA:347,0
DA:348,0
DA:349,0
DA:350,0
DA:351,0
DA:352,0
DA:353,0
DA:354,0
DA:355,0
DA:356,2
DA:357,0
DA:358,0
DA:359,0
DA:360,0
DA:361,2
DA:362,0
DA:363,0
DA:364,0
DA:365,0
DA:366,2
DA:367,0
DA:368,0
DA:369,0
DA:370,0
DA:371,0
DA:372,0
DA:373,0
DA:374,0
DA:375,0
DA:376,2
DA:377,0
DA:378,0
DA:379,0
DA:380,0
DA:381,2
DA:382,2
DA:383,2
DA:384,2
DA:385,2
DA:386,1
DA:387,2
DA:388,2
DA:389,2
DA:390,0
DA:391,0
DA:392,0
DA:393,0
DA:394,0
DA:395,0
DA:396,0
DA:397,0
DA:398,0
DA:399,0
DA:400,0
DA:401,0
DA:402,0
DA:403,1
DA:404,2
DA:405,2
DA:406,2
DA:407,2
DA:408,2
DA:409,0
DA:410,0
DA:411,1
DA:412,0
DA:413,0
DA:414,0
DA:415,0
DA:416,0
DA:417,0
DA:418,0
DA:419,0
DA:420,0
DA:421,0
DA:422,0
DA:423,0
DA:424,0
DA:425,0
DA:426,1
DA:427,2
DA:428,2
DA:429,2
DA:430,2
DA:431,0
DA:432,0
DA:433,2
DA:434,2
DA:435,1
DA:436,0
DA:437,0
DA:438,0
DA:439,0
DA:440,0
DA:441,0
DA:442,0
DA:443,0
DA:444,0
DA:445,0
DA:446,0
DA:447,1
DA:448,0
DA:449,0
DA:450,0
DA:451,0
DA:452,0
DA:453,0
DA:454,1
DA:455,0
DA:456,0
DA:457,0
DA:458,1
DA:459,2
DA:460,2
DA:461,2
DA:462,1
DA:463,0
DA:464,0
DA:465,0
DA:466,0
DA:467,0
DA:468,0
LF:468
LH:276
BRDA:111,0,0,2
BRDA:154,1,0,6
BRDA:161,2,0,0
BRDA:163,3,0,0
BRDA:167,4,0,0
BRDA:170,5,0,11
BRDA:172,6,0,10
BRDA:174,7,0,1
BRDA:282,8,0,6
BRDA:283,9,0,0
BRDA:284,10,0,0
BRDA:286,11,0,0
BRDA:288,12,0,0
BRDA:290,13,0,0
BRDA:333,14,0,2
BRDA:337,15,0,0
BRDA:340,16,0,0
BRDA:342,17,0,0
BRDA:343,18,0,0
BRDA:345,19,0,0
BRDA:356,20,0,0
BRDA:361,21,0,0
BRDA:366,22,0,0
BRDA:376,23,0,0
BRDA:381,24,0,0
BRDA:382,25,0,0
BRDA:383,26,0,0
BRDA:384,27,0,0
BRDA:384,28,0,0
BRDA:384,29,0,0
BRDA:387,30,0,2
BRDA:390,31,0,0
BRDA:404,32,0,2
BRDA:407,33,0,0
BRDA:409,34,0,0
BRDA:427,35,0,2
BRDA:429,36,0,0
BRDA:430,37,0,0
BRDA:459,38,0,2
BRF:39
BRH:11
end_of_record
TN:
SF:src/knowledge.ts
FN:50,formatAddress
FN:54,resolveAddressSymbol
FN:59,listSymbols
FN:65,listMemoryMap
FN:339,getBasicV2Spec
FN:343,searchBasicV2Spec
FN:350,getAsmQuickReference
FN:360,searchAsmQuickReference
FN:440,getVicIISpec
FN:444,searchVicIISpec
FN:448,searchMarkdownSections
FNF:11
FNH:1
FNDA:0,formatAddress
FNDA:13,resolveAddressSymbol
FNDA:0,listSymbols
FNDA:0,listMemoryMap
FNDA:0,getBasicV2Spec
FNDA:0,searchBasicV2Spec
FNDA:0,getAsmQuickReference
FNDA:0,searchAsmQuickReference
FNDA:0,getVicIISpec
FNDA:0,searchVicIISpec
FNDA:0,searchMarkdownSections
DA:1,1
DA:2,1
DA:3,1
DA:4,1
DA:5,1
DA:6,1
DA:7,1
DA:8,1
DA:9,1
DA:10,1
DA:11,1
DA:12,1
DA:13,1
DA:14,1
DA:15,1
DA:16,1
DA:17,1
DA:18,1
DA:19,1
DA:20,1
DA:21,1
DA:22,1
DA:23,1
DA:24,1
DA:25,1
DA:26,1
DA:27,1
DA:28,1
DA:29,1
DA:30,1
DA:31,1
DA:32,1
DA:33,1
DA:34,1
DA:35,1
DA:36,1
DA:37,1
DA:38,1
DA:39,1
DA:40,1
DA:41,1
DA:42,1
DA:43,1
DA:44,1
DA:45,1
DA:46,1
DA:47,1
DA:48,1
DA:49,1
DA:50,1
DA:51,0
DA:52,0
DA:53,1
DA:54,1
DA:55,13
DA:56,13
DA:57,13
DA:58,1
DA:59,1
DA:60,0
DA:61,0
DA:62,0
DA:63,0
DA:64,1
DA:65,1
DA:66,0
DA:67,0
DA:68,1
DA:69,1
DA:70,1
DA:71,1
DA:72,1
DA:73,1
DA:74,1
DA:75,1
DA:76,1
DA:77,1
DA:78,1
DA:79,1
DA:80,1
DA:81,1
DA:82,1
DA:83,1
DA:84,1
DA:85,1
DA:86,1
DA:87,1
DA:88,1
DA:89,1
DA:90,1
DA:91,1
DA:92,1
DA:93,1
DA:94,1
DA:95,1
DA:96,1
DA:97,1
DA:98,1
DA:99,1
DA:100,1
DA:101,1
DA:102,1
DA:103,1
DA:104,1
DA:105,1
DA:106,1
DA:107,1
DA:108,1
DA:109,1
DA:110,1
DA:111,1
DA:112,1
DA:113,1
DA:114,1
DA:115,1
DA:116,1
DA:117,1
DA:118,1
DA:119,1
DA:120,1
DA:121,1
DA:122,1
DA:123,1
DA:124,1
DA:125,1
DA:126,1
DA:127,1
DA:128,1
DA:129,1
DA:130,1
DA:131,1
DA:132,1
DA:133,1
DA:134,1
DA:135,1
DA:136,1
DA:137,1
DA:138,1
DA:139,1
DA:140,1
DA:141,1
DA:142,1
DA:143,1
DA:144,1
DA:145,1
DA:146,1
DA:147,1
DA:148,1
DA:149,1
DA:150,1
DA:151,1
DA:152,1
DA:153,1
DA:154,1
DA:155,1
DA:156,1
DA:157,1
DA:158,1
DA:159,1
DA:160,1
DA:161,1
DA:162,1
DA:163,1
DA:164,1
DA:165,1
DA:166,1
DA:167,1
DA:168,1
DA:169,1
DA:170,1
DA:171,1
DA:172,1
DA:173,1
DA:174,1
DA:175,1
DA:176,1
DA:177,1
DA:178,1
DA:179,1
DA:180,1
DA:181,1
DA:182,1
DA:183,1
DA:184,1
DA:185,1
DA:186,1
DA:187,1
DA:188,1
DA:189,1
DA:190,1
DA:191,1
DA:192,1
DA:193,1
DA:194,1
DA:195,1
DA:196,1
DA:197,1
DA:198,1
DA:199,1
DA:200,1
DA:201,1
DA:202,1
DA:203,1
DA:204,1
DA:205,1
DA:206,1
DA:207,1
DA:208,1
DA:209,1
DA:210,1
DA:211,1
DA:212,1
DA:213,1
DA:214,1
DA:215,1
DA:216,1
DA:217,1
DA:218,1
DA:219,1
DA:220,1
DA:221,1
DA:222,1
DA:223,1
DA:224,1
DA:225,1
DA:226,1
DA:227,1
DA:228,1
DA:229,1
DA:230,1
DA:231,1
DA:232,1
DA:233,1
DA:234,1
DA:235,1
DA:236,1
DA:237,1
DA:238,1
DA:239,1
DA:240,1
DA:241,1
DA:242,1
DA:243,1
DA:244,1
DA:245,1
DA:246,1
DA:247,1
DA:248,1
DA:249,1
DA:250,1
DA:251,1
DA:252,1
DA:253,1
DA:254,1
DA:255,1
DA:256,1
DA:257,1
DA:258,1
DA:259,1
DA:260,1
DA:261,1
DA:262,1
DA:263,1
DA:264,1
DA:265,1
DA:266,1
DA:267,1
DA:268,1
DA:269,1
DA:270,1
DA:271,1
DA:272,1
DA:273,1
DA:274,1
DA:275,1
DA:276,1
DA:277,1
DA:278,1
DA:279,1
DA:280,1
DA:281,1
DA:282,1
DA:283,1
DA:284,1
DA:285,1
DA:286,1
DA:287,1
DA:288,1
DA:289,1
DA:290,1
DA:291,1
DA:292,1
DA:293,1
DA:294,1
DA:295,1
DA:296,1
DA:297,1
DA:298,1
DA:299,1
DA:300,1
DA:301,1
DA:302,1
DA:303,1
DA:304,1
DA:305,1
DA:306,1
DA:307,1
DA:308,1
DA:309,1
DA:310,1
DA:311,1
DA:312,1
DA:313,1
DA:314,1
DA:315,1
DA:316,1
DA:317,1
DA:318,1
DA:319,1
DA:320,1
DA:321,1
DA:322,1
DA:323,1
DA:324,1
DA:325,1
DA:326,1
DA:327,1
DA:328,1
DA:329,1
DA:330,1
DA:331,1
DA:332,1
DA:333,1
DA:334,1
DA:335,1
DA:336,1
DA:337,1
DA:338,1
DA:339,1
DA:340,0
DA:341,0
DA:342,1
DA:343,1
DA:344,0
DA:345,0
DA:346,1
DA:347,1
DA:348,1
DA:349,1
DA:350,1
DA:351,0
DA:352,0
DA:353,0
DA:354,0
DA:355,0
DA:356,0
DA:357,0
DA:358,0
DA:359,1
DA:360,1
DA:361,0
DA:362,0
DA:363,0
DA:364,1
DA:365,1
DA:366,1
DA:367,1
DA:368,1
DA:369,1
DA:370,1
DA:371,1
DA:372,1
DA:373,1
DA:374,1
DA:375,1
DA:376,1
DA:377,1
DA:378,1
DA:379,1
DA:380,1
DA:381,1
DA:382,1
DA:383,1
DA:384,1
DA:385,1
DA:386,1
DA:387,1
DA:388,1
DA:389,1
DA:390,1
DA:391,1
DA:392,1
DA:393,1
DA:394,1
DA:395,1
DA:396,1
DA:397,1
DA:398,1
DA:399,1
DA:400,1
DA:401,1
DA:402,1
DA:403,1
DA:404,1
DA:405,1
DA:406,1
DA:407,1
DA:408,1
DA:409,1
DA:410,1
DA:411,1
DA:412,1
DA:413,1
DA:414,1
DA:415,1
DA:416,1
DA:417,1
DA:418,1
DA:419,1
DA:420,1
DA:421,1
DA:422,1
DA:423,1
DA:424,1
DA:425,1
DA:426,1
DA:427,1
DA:428,1
DA:429,1
DA:430,1
DA:431,1
DA:432,1
DA:433,1
DA:434,1
DA:435,1
DA:436,1
DA:437,1
DA:438,1
DA:439,1
DA:440,1
DA:441,0
DA:442,0
DA:443,1
DA:444,1
DA:445,0
DA:446,0
DA:447,1
DA:448,0
DA:449,0
DA:450,0
DA:451,0
DA:452,0
DA:453,0
DA:454,0
DA:455,0
DA:456,0
DA:457,0
DA:458,0
DA:459,0
DA:460,0
DA:461,0
DA:462,0
DA:463,0
DA:464,0
DA:465,0
DA:466,0
DA:467,0
DA:468,0
DA:469,0
DA:470,0
DA:471,0
DA:472,0
DA:473,0
DA:474,0
DA:475,0
DA:476,0
DA:477,0
DA:478,0
LF:478
LH:420
BRDA:54,0,0,13
BRF:1
BRH:1
end_of_record
TN:
SF:src/logger.ts
FN:27,loggerFor
FN:37,createPrefixedLogger
FN:38,render
FN:53,debug
FN:56,info
FN:59,warn
FN:62,error
FN:65,isDebugEnabled
FN:71,shouldSkip
FN:79,selectConsole
FN:95,normaliseLevel
FN:104,payloadByteLength
FN:131,formatPayloadForDebug
FN:164,asBuffer
FN:178,isPlainObject
FN:182,isFormData
FN:186,isBlob
FN:191,formatErrorMessage
FN:202,collapseWhitespace
FNF:19
FNH:11
FNDA:4,loggerFor
FNDA:2,createPrefixedLogger
FNDA:32,render
FNDA:0,debug
FNDA:32,info
FNDA:0,warn
FNDA:0,error
FNDA:32,isDebugEnabled
FNDA:64,shouldSkip
FNDA:32,selectConsole
FNDA:2,normaliseLevel
FNDA:32,payloadByteLength
FNDA:0,formatPayloadForDebug
FNDA:32,asBuffer
[...]
DA:32,31
DA:33,31
DA:34,31
DA:35,31
DA:36,31
DA:37,31
DA:38,31
DA:39,31
DA:40,31
DA:41,31
DA:42,31
DA:43,31
DA:44,31
DA:45,31
DA:46,31
LF:46
LH:44
BRDA:3,0,0,36
BRDA:18,1,0,31
BRDA:24,2,0,0
BRDA:25,3,0,31
BRDA:28,4,0,0
BRF:5
BRH:3
end_of_record
TN:
SF:src/tools/schema.ts
FN:13,withDefaultPath
FN:17,createSchema
FN:20,parse
FN:26,ensureType
FN:37,schemaHasDefault
FN:50,stringSchema
FN:115,numberSchema
FN:160,integerSchema
FN:164,booleanSchema
FN:187,literalSchema
FN:204,arraySchema
FN:247,optionalSchema
FN:282,isPlainObject
FN:286,objectSchema
FN:355,mergeSchemas
FN:398,prepareValueForMerge
FNF:16
FNH:16
FNDA:440,withDefaultPath
FNDA:1120,createSchema
FNDA:440,parse
FNDA:312,ensureType
FNDA:86,schemaHasDefault
FNDA:260,stringSchema
FNDA:207,numberSchema
FNDA:4,integerSchema
FNDA:70,booleanSchema
FNDA:1,literalSchema
FNDA:37,arraySchema
FNDA:299,optionalSchema
FNDA:89,isPlainObject
FNDA:245,objectSchema
FNDA:1,mergeSchemas
FNDA:2,prepareValueForMerge
DA:1,1
DA:2,1
DA:3,1
DA:4,1
DA:5,1
DA:6,1
DA:7,1
DA:8,1
DA:9,1
DA:10,1
DA:11,1
DA:12,1
DA:13,440
DA:14,440
DA:15,440
DA:16,1
DA:17,1120
DA:18,1120
DA:19,1120
DA:20,1120
DA:21,440
DA:22,1120
DA:23,1120
DA:24,1120
DA:25,1
DA:26,312
DA:27,312
DA:28,312
DA:29,312
DA:30,312
DA:31,312
DA:32,312
DA:33,1
DA:34,1
DA:35,312
DA:36,1
DA:37,86
DA:38,86
DA:39,86
DA:40,1
DA:41,1
DA:42,1
DA:43,1
DA:44,1
DA:45,1
DA:46,1
DA:47,1
DA:48,1
DA:49,1
DA:50,1
DA:51,260
DA:52,260
DA:53,260
DA:54,260
DA:55,260
DA:56,260
DA:57,260
DA:58,260
DA:59,260
DA:60,260
DA:61,260
DA:62,110
DA:63,1
DA:64,1
DA:65,1
DA:66,0
DA:67,0
DA:68,109
DA:69,109
DA:70,109
DA:71,109
DA:72,109
DA:73,109
DA:74,109
DA:75,110
DA:76,3
DA:77,3
DA:78,3
DA:79,3
DA:80,3
DA:81,106
DA:82,110
DA:83,1
DA:84,1
DA:85,1
DA:86,1
DA:87,1
DA:88,105
DA:89,110
DA:90,1
DA:91,1
DA:92,1
DA:93,1
DA:94,1
DA:95,104
DA:96,110
DA:97,0
DA:98,0
DA:99,0
DA:100,0
DA:101,0
DA:102,104
DA:103,104
DA:104,260
DA:105,260
DA:106,1
DA:107,1
DA:108,1
DA:109,1
DA:110,1
DA:111,1
DA:112,1
DA:113,1
DA:114,1
DA:115,1
DA:116,207
DA:117,207
DA:118,207
DA:119,207
DA:120,207
DA:121,207
DA:122,207
DA:123,207
DA:124,207
DA:125,81
DA:126,1
DA:127,1
DA:128,1
DA:129,0
DA:130,0
DA:131,80
DA:132,81
DA:133,81
DA:134,81
DA:135,81
DA:136,81
DA:137,81
DA:138,81
DA:139,1
DA:140,1
DA:141,79
DA:142,81
DA:143,1
DA:144,1
DA:145,1
DA:146,1
DA:147,1
DA:148,78
DA:149,81
DA:150,1
DA:151,1
DA:152,1
DA:153,1
DA:154,1
DA:155,77
DA:156,77
DA:157,207
DA:158,207
DA:159,1
DA:160,1
DA:161,4
DA:162,4
DA:163,1
DA:164,1
DA:165,70
DA:166,70
DA:167,70
DA:168,70
DA:169,70
DA:170,70
DA:171,70
DA:172,15
DA:173,1
DA:174,1
DA:175,1
DA:176,0
DA:177,0
DA:178,14
DA:179,14
DA:180,14
DA:181,14
DA:182,14
DA:183,14
DA:184,70
DA:185,70
DA:186,1
DA:187,1
DA:188,1
DA:189,1
DA:190,1
DA:191,1
DA:192,1
DA:193,1
DA:194,1
DA:195,1
DA:196,1
DA:197,2
DA:198,1
DA:199,1
DA:200,1
DA:201,1
DA:202,1
DA:203,1
DA:204,1
DA:205,37
DA:206,37
DA:207,37
DA:208,37
DA:209,37
DA:210,37
DA:211,37
DA:212,37
DA:213,37
DA:214,37
DA:215,37
DA:216,37
DA:217,23
DA:218,23
DA:219,23
DA:220,23
DA:221,23
DA:222,23
DA:223,23
DA:224,52
DA:225,52
DA:226,52
DA:227,52
DA:228,23
DA:229,23
DA:230,1
DA:231,1
DA:232,1
DA:233,1
DA:234,1
DA:235,22
DA:236,23
DA:237,1
DA:238,1
DA:239,1
DA:240,1
DA:241,1
DA:242,21
DA:243,21
DA:244,37
DA:245,37
DA:246,1
DA:247,1
DA:248,299
DA:249,299
DA:250,299
DA:251,299
DA:252,16
DA:253,16
DA:254,299
DA:255,283
DA:256,299
DA:257,299
DA:258,299
DA:259,299
DA:260,299
DA:261,299
DA:262,299
DA:263,299
DA:264,299
DA:265,299
DA:266,299
DA:267,299
DA:268,122
DA:269,38
DA:270,38
DA:271,84
DA:272,299
DA:273,299
DA:274,1
DA:275,1
DA:276,1
DA:277,1
DA:278,1
DA:279,1
DA:280,1
DA:281,1
DA:282,89
DA:283,89
DA:284,89
DA:285,1
DA:286,1
DA:287,245
DA:288,245
DA:289,245
DA:290,245
DA:291,245
DA:292,245
DA:293,245
DA:294,245
DA:295,245
DA:296,245
DA:297,245
DA:298,245
DA:299,245
DA:300,245
DA:301,245
DA:302,86
DA:303,86
DA:304,86
DA:305,86
DA:306,86
DA:307,86
DA:308,86
DA:309,86
DA:310,88
DA:311,3
DA:312,3
DA:313,3
DA:314,3
DA:315,88
DA:316,83
DA:317,85
DA:318,271
DA:319,271
DA:320,185
DA:321,185
DA:322,182
DA:323,182
DA:324,182
DA:325,182
DA:326,86
DA:327,248
DA:328,37
DA:329,37
DA:330,37
DA:331,37
DA:332,37
DA:333,271
DA:334,80
DA:335,80
DA:336,79
DA:337,183
DA:338,1
DA:339,1
DA:340,1
DA:341,1
DA:342,183
DA:343,86
DA:344,1
DA:345,2
DA:346,2
DA:347,2
DA:348,2
DA:349,1
DA:350,79
DA:351,79
DA:352,245
DA:353,245
DA:354,1
DA:355,1
DA:356,1
DA:357,1
DA:358,1
DA:359,1
DA:360,1
DA:361,1
DA:362,1
DA:363,1
DA:364,1
DA:365,1
DA:366,1
DA:367,1
DA:368,1
DA:369,1
DA:370,1
DA:371,1
DA:372,1
DA:373,1
DA:374,1
DA:375,1
DA:376,1
DA:377,1
DA:378,1
DA:379,1
DA:380,1
DA:381,1
DA:382,1
DA:383,1
DA:384,1
DA:385,2
DA:386,0
DA:387,0
DA:388,0
DA:389,0
DA:390,2
DA:391,1
DA:392,1
DA:393,1
DA:394,1
DA:395,1
DA:396,1
DA:397,1
DA:398,2
DA:399,2
DA:400,0
DA:401,0
DA:402,2
DA:403,2
DA:404,2
DA:405,2
DA:406,2
DA:407,2
DA:408,2
DA:409,2
DA:410,2
DA:411,2
DA:412,0
DA:413,0
DA:414,0
LF:414
LH:394
BRDA:13,0,0,440
BRDA:14,1,0,91
BRDA:17,2,0,1120
BRDA:20,3,0,440
BRDA:26,4,0,312
BRDA:32,5,0,1
BRDA:37,6,0,86
BRDA:50,7,0,260
BRDA:53,8,0,255
BRDA:53,9,0,5
BRDA:54,10,0,196
BRDA:54,11,0,64
BRDA:55,12,0,8
BRDA:55,13,0,252
BRDA:56,14,0,28
BRDA:56,15,0,232
BRDA:57,16,0,49
BRDA:57,17,0,211
BRDA:58,18,0,30
BRDA:58,19,0,230
BRDA:61,20,0,110
BRDA:62,21,0,109
BRDA:62,22,0,1
BRDA:66,23,0,0
BRDA:68,24,0,109
BRDA:75,25,0,85
BRDA:75,26,0,109
BRDA:75,27,0,3
BRDA:81,28,0,106
BRDA:82,29,0,4
BRDA:82,30,0,1
BRDA:88,31,0,105
BRDA:89,32,0,8
BRDA:89,33,0,1
BRDA:95,34,0,104
BRDA:96,35,0,21
BRDA:96,36,0,0
BRDA:102,37,0,104
BRDA:115,38,0,207
BRDA:117,39,0,189
BRDA:117,40,0,18
BRDA:118,41,0,201
BRDA:118,42,0,6
BRDA:119,43,0,205
BRDA:119,44,0,2
BRDA:120,45,0,150
BRDA:120,46,0,57
BRDA:121,47,0,96
BRDA:121,48,0,111
BRDA:124,49,0,81
BRDA:125,50,0,80
BRDA:125,51,0,1
BRDA:129,52,0,0
BRDA:131,53,0,80
BRDA:138,54,0,77
BRDA:138,55,0,1
BRDA:141,56,0,79
BRDA:142,57,0,78
BRDA:142,58,0,1
BRDA:148,59,0,78
BRDA:149,60,0,44
BRDA:149,61,0,1
BRDA:155,62,0,77
BRDA:160,63,0,4
BRDA:164,64,0,70
BRDA:167,65,0,68
BRDA:167,66,0,2
BRDA:168,67,0,69
BRDA:168,68,0,1
BRDA:171,69,0,15
BRDA:172,70,0,14
BRDA:172,71,0,1
BRDA:176,72,0,0
BRDA:178,73,0,14
BRDA:187,74,0,1
BRDA:196,75,0,2
BRDA:197,76,0,1
BRDA:204,77,0,37
BRDA:210,78,0,16
BRDA:210,79,0,21
BRDA:212,80,0,17
BRDA:212,81,0,20
BRDA:213,82,0,9
BRDA:213,83,0,28
BRDA:216,84,0,23
BRDA:223,85,0,52
BRDA:229,86,0,8
BRDA:229,87,0,1
BRDA:235,88,0,22
BRDA:236,89,0,5
BRDA:236,90,0,21
BRDA:236,91,0,1
BRDA:247,92,0,299
BRDA:251,93,0,16
BRDA:252,94,0,0
BRDA:254,95,0,283
BRDA:256,96,0,0
BRDA:259,97,0,115
BRDA:259,98,0,184
BRDA:263,99,0,0
BRDA:264,100,0,119
BRDA:264,101,0,180
BRDA:267,102,0,122
BRDA:268,103,0,85
BRDA:268,104,0,121
BRDA:268,105,0,38
BRDA:271,106,0,84
BRDA:282,107,0,89
BRDA:286,108,0,245
BRDA:289,109,0,63
BRDA:293,110,0,242
BRDA:293,111,0,3
BRDA:295,112,0,178
BRDA:295,113,0,67
BRDA:298,114,0,0
BRDA:290,115,0,649
BRDA:295,116,0,241
BRDA:301,117,0,86
BRDA:309,118,0,88
BRDA:310,119,0,3
BRDA:316,120,0,85
BRDA:316,121,0,83
BRDA:317,122,0,271
BRDA:319,123,0,185
BRDA:321,124,0,182
BRDA:326,125,0,248
BRDA:326,126,0,86
BRDA:327,127,0,37
BRDA:334,128,0,80
BRDA:335,129,0,79
BRDA:336,130,0,183
BRDA:337,131,0,1
BRDA:343,132,0,78
BRDA:343,133,0,1
BRDA:344,134,0,2
BRDA:350,135,0,79
BRDA:355,136,0,1
BRDA:363,137,0,1
BRDA:384,138,0,2
BRDA:385,139,0,0
BRDA:398,140,0,2
BRDA:399,141,0,0
BRDA:412,142,0,0
BRF:143
BRH:132
end_of_record
TN:
SF:src/tools/storage.ts
FN:16,createNoArgsSchema
FN:24,toRecord
FN:31,normaliseFailure
FN:201,execute
FN:238,execute
FN:296,execute
FN:339,execute
FN:382,execute
FN:426,execute
FN:470,execute
FN:514,execute
FN:558,execute
FN:595,execute
FN:647,execute
FN:696,execute
FN:747,execute
FNF:16
FNH:1
FNDA:3,createNoArgsSchema
FNDA:0,toRecord
FNDA:0,normaliseFailure
FNDA:0,execute
FNDA:0,execute
FNDA:0,execute
FNDA:0,execute
FNDA:0,execute
FNDA:0,execute
FNDA:0,execute
FNDA:0,execute
FNDA:0,execute
FNDA:0,execute
FNDA:0,execute
FNDA:0,execute
FNDA:0,execute
DA:1,1
DA:2,1
DA:3,1
DA:4,1
DA:5,1
DA:6,1
DA:7,1
DA:8,1
DA:9,1
DA:10,1
DA:11,1
DA:12,1
DA:13,1
DA:14,1
DA:15,1
DA:16,3
DA:17,3
DA:18,3
DA:19,3
DA:20,3
DA:21,3
DA:22,3
DA:23,1
DA:24,0
DA:25,0
DA:26,0
DA:27,0
DA:28,0
DA:29,0
DA:30,1
DA:31,0
DA:32,0
DA:33,0
DA:34,0
DA:35,0
DA:36,0
DA:37,0
DA:38,0
DA:39,0
DA:40,1
DA:41,1
DA:42,1
DA:43,1
DA:44,1
DA:45,1
DA:46,1
DA:47,1
DA:48,1
DA:49,1
DA:50,1
DA:51,1
DA:52,1
DA:53,1
DA:54,1
DA:55,1
DA:56,1
DA:57,1
DA:58,1
DA:59,1
DA:60,1
DA:61,1
DA:62,1
DA:63,1
DA:64,1
DA:65,1
DA:66,1
DA:67,1
DA:68,1
DA:69,1
DA:70,1
DA:71,1
DA:72,1
DA:73,1
DA:74,1
DA:75,1
DA:76,1
DA:77,1
DA:78,1
DA:79,1
DA:80,1
DA:81,1
DA:82,1
DA:83,1
DA:84,1
DA:85,1
DA:86,1
DA:87,1
DA:88,1
DA:89,1
DA:90,1
DA:91,1
DA:92,1
DA:93,1
DA:94,1
DA:95,1
DA:96,1
DA:97,1
DA:98,1
DA:99,1
DA:100,1
DA:101,1
DA:102,1
DA:103,1
DA:104,1
DA:105,1
DA:106,1
DA:107,1
DA:108,1
DA:109,1
DA:110,1
DA:111,1
DA:112,1
DA:113,1
DA:114,1
DA:115,1
DA:116,1
DA:117,1
DA:118,1
DA:119,1
DA:120,1
DA:121,1
DA:122,1
DA:123,1
DA:124,1
DA:125,1
DA:126,1
DA:127,1
DA:128,1
DA:129,1
DA:130,1
DA:131,1
DA:132,1
DA:133,1
DA:134,1
DA:135,1
DA:136,1
DA:137,1
DA:138,1
DA:139,1
DA:140,1
DA:141,1
DA:142,1
DA:143,1
DA:144,1
DA:145,1
DA:146,1
DA:147,1
DA:148,1
DA:149,1
DA:150,1
DA:151,1
DA:152,1
DA:153,1
DA:154,1
DA:155,1
DA:156,1
DA:157,1
DA:158,1
DA:159,1
DA:160,1
DA:161,1
DA:162,1
DA:163,1
DA:164,1
DA:165,1
DA:166,1
DA:167,1
DA:168,1
DA:169,1
DA:170,1
DA:171,1
DA:172,1
DA:173,1
DA:174,1
DA:175,1
DA:176,1
DA:177,1
DA:178,1
DA:179,1
DA:180,1
DA:181,1
DA:182,1
DA:183,1
DA:184,1
DA:185,1
DA:186,1
DA:187,1
DA:188,1
DA:189,1
DA:190,1
DA:191,1
DA:192,1
DA:193,1
DA:194,1
DA:195,1
DA:196,1
DA:197,1
DA:198,1
DA:199,1
DA:200,1
DA:201,1
DA:202,0
DA:203,0
DA:204,0
DA:205,0
DA:206,0
DA:207,0
DA:208,0
DA:209,0
DA:210,0
DA:211,0
DA:212,0
DA:213,0
DA:214,0
DA:215,0
DA:216,0
DA:217,1
DA:218,1
DA:219,1
DA:220,1
DA:221,1
DA:222,1
DA:223,1
DA:224,1
DA:225,1
DA:226,1
DA:227,1
DA:228,1
DA:229,1
DA:230,1
DA:231,1
DA:232,1
DA:233,1
DA:234,1
DA:235,1
DA:236,1
DA:237,1
DA:238,1
DA:239,0
DA:240,0
DA:241,0
DA:242,0
DA:243,0
DA:244,0
DA:245,0
DA:246,0
DA:247,0
DA:248,0
DA:249,0
DA:250,0
DA:251,0
DA:252,0
DA:253,0
DA:254,0
DA:255,0
DA:256,0
DA:257,0
DA:258,0
DA:259,0
DA:260,0
DA:261,0
DA:262,0
DA:263,0
DA:264,0
DA:265,0
DA:266,0
DA:267,0
DA:268,0
DA:269,0
DA:270,0
DA:271,0
DA:272,0
DA:273,0
DA:274,0
DA:275,0
DA:276,1
DA:277,1
DA:278,1
DA:279,1
DA:280,1
DA:281,1
DA:282,1
DA:283,1
DA:284,1
DA:285,1
DA:286,1
DA:287,1
DA:288,1
DA:289,1
DA:290,1
DA:291,1
DA:292,1
DA:293,1
DA:294,1
DA:295,1
DA:296,1
DA:297,0
DA:298,0
DA:299,0
DA:300,0
DA:301,0
DA:302,0
DA:303,0
DA:304,0
DA:305,0
DA:306,0
DA:307,0
DA:308,0
DA:309,0
DA:310,0
DA:311,0
DA:312,0
DA:313,0
DA:314,0
DA:315,0
DA:316,0
DA:317,0
DA:318,0
DA:319,1
DA:320,1
DA:321,1
DA:322,1
DA:323,1
DA:324,1
DA:325,1
DA:326,1
DA:327,1
DA:328,1
DA:329,1
DA:330,1
DA:331,1
DA:332,1
DA:333,1
DA:334,1
DA:335,1
DA:336,1
DA:337,1
DA:338,1
DA:339,1
DA:340,0
DA:341,0
DA:342,0
DA:343,0
DA:344,0
DA:345,0
DA:346,0
DA:347,0
DA:348,0
DA:349,0
DA:350,0
DA:351,0
DA:352,0
DA:353,0
DA:354,0
DA:355,0
DA:356,0
DA:357,0
DA:358,0
DA:359,0
DA:360,0
DA:361,0
DA:362,1
DA:363,1
DA:364,1
DA:365,1
DA:366,1
DA:367,1
DA:368,1
DA:369,1
DA:370,1
DA:371,1
DA:372,1
DA:373,1
DA:374,1
DA:375,1
DA:376,1
DA:377,1
DA:378,1
DA:379,1
DA:380,1
DA:381,1
DA:382,1
DA:383,0
DA:384,0
DA:385,0
DA:386,0
DA:387,0
DA:388,0
DA:389,0
DA:390,0
DA:391,0
DA:392,0
DA:393,0
DA:394,0
DA:395,0
DA:396,0
DA:397,0
DA:398,0
DA:399,0
DA:400,0
DA:401,0
DA:402,0
DA:403,0
DA:404,0
DA:405,0
DA:406,1
DA:407,1
DA:408,1
DA:409,1
DA:410,1
DA:411,1
DA:412,1
DA:413,1
DA:414,1
DA:415,1
DA:416,1
DA:417,1
DA:418,1
DA:419,1
DA:420,1
DA:421,1
DA:422,1
DA:423,1
DA:424,1
DA:425,1
DA:426,1
DA:427,0
DA:428,0
DA:429,0
DA:430,0
DA:431,0
DA:432,0
DA:433,0
DA:434,0
DA:435,0
DA:436,0
DA:437,0
DA:438,0
DA:439,0
DA:440,0
DA:441,0
DA:442,0
DA:443,0
DA:444,0
DA:445,0
DA:446,0
DA:447,0
DA:448,0
DA:449,0
DA:450,1
DA:451,1
DA:452,1
DA:453,1
DA:454,1
DA:455,1
DA:456,1
DA:457,1
DA:458,1
DA:459,1
DA:460,1
DA:461,1
DA:462,1
DA:463,1
DA:464,1
DA:465,1
DA:466,1
DA:467,1
DA:468,1
DA:469,1
DA:470,1
DA:471,0
DA:472,0
DA:473,0
DA:474,0
DA:475,0
DA:476,0
DA:477,0
DA:478,0
DA:479,0
DA:480,0
DA:481,0
DA:482,0
DA:483,0
DA:484,0
DA:485,0
DA:486,0
DA:487,0
DA:488,0
DA:489,0
DA:490,0
DA:491,0
DA:492,0
DA:493,0
DA:494,1
DA:495,1
DA:496,1
DA:497,1
DA:498,1
DA:499,1
DA:500,1
DA:501,1
DA:502,1
DA:503,1
DA:504,1
DA:505,1
DA:506,1
DA:507,1
DA:508,1
DA:509,1
DA:510,1
DA:511,1
DA:512,1
DA:513,1
DA:514,1
DA:515,0
DA:516,0
DA:517,0
DA:518,0
DA:519,0
DA:520,0
DA:521,0
DA:522,0
DA:523,0
DA:524,0
DA:525,0
DA:526,0
DA:527,0
DA:528,0
DA:529,0
DA:530,0
DA:531,0
DA:532,0
DA:533,0
DA:534,0
DA:535,0
DA:536,0
DA:537,0
DA:538,1
DA:539,1
DA:540,1
DA:541,1
DA:542,1
DA:543,1
DA:544,1
DA:545,1
DA:546,1
DA:547,1
DA:548,1
DA:549,1
DA:550,1
DA:551,1
DA:552,1
DA:553,1
DA:554,1
DA:555,1
DA:556,1
DA:557,1
DA:558,1
DA:559,0
DA:560,0
DA:561,0
DA:562,0
DA:563,0
DA:564,0
DA:565,0
DA:566,0
DA:567,0
DA:568,0
DA:569,0
DA:570,0
DA:571,0
DA:572,0
DA:573,0
DA:574,0
DA:575,1
DA:576,1
DA:577,1
DA:578,1
DA:579,1
DA:580,1
DA:581,1
DA:582,1
DA:583,1
DA:584,1
DA:585,1
DA:586,1
DA:587,1
DA:588,1
DA:589,1
DA:590,1
DA:591,1
DA:592,1
DA:593,1
DA:594,1
DA:595,1
DA:596,0
DA:597,0
DA:598,0
DA:599,0
DA:600,0
DA:601,0
DA:602,0
DA:603,0
DA:604,0
DA:605,0
DA:606,0
DA:607,0
DA:608,0
DA:609,0
DA:610,0
DA:611,0
DA:612,0
DA:613,0
DA:614,0
DA:615,0
DA:616,0
DA:617,0
DA:618,0
DA:619,0
DA:620,0
DA:621,0
DA:622,0
DA:623,0
DA:624,0
DA:625,0
DA:626,0
DA:627,1
DA:628,1
DA:629,1
DA:630,1
DA:631,1
DA:632,1
DA:633,1
DA:634,1
DA:635,1
DA:636,1
DA:637,1
DA:638,1
DA:639,1
DA:640,1
DA:641,1
DA:642,1
DA:643,1
DA:644,1
DA:645,1
DA:646,1
DA:647,1
DA:648,0
DA:649,0
DA:650,0
DA:651,0
DA:652,0
DA:653,0
DA:654,0
DA:655,0
DA:656,0
DA:657,0
DA:658,0
DA:659,0
DA:660,0
DA:661,0
DA:662,0
DA:663,0
DA:664,0
DA:665,0
DA:666,0
DA:667,0
DA:668,0
DA:669,0
DA:670,0
DA:671,0
DA:672,0
DA:673,0
DA:674,0
DA:675,0
DA:676,1
DA:677,1
DA:678,1
DA:679,1
DA:680,1
DA:681,1
DA:682,1
DA:683,1
DA:684,1
DA:685,1
DA:686,1
DA:687,1
DA:688,1
DA:689,1
DA:690,1
DA:691,1
DA:692,1
DA:693,1
DA:694,1
DA:695,1
DA:696,1
DA:697,0
DA:698,0
DA:699,0
DA:700,0
DA:701,0
DA:702,0
DA:703,0
DA:704,0
DA:705,0
DA:706,0
DA:707,0
DA:708,0
DA:709,0
DA:710,0
DA:711,0
DA:712,0
DA:713,0
DA:714,0
DA:715,0
DA:716,0
DA:717,0
DA:718,0
DA:719,0
DA:720,0
DA:721,0
DA:722,0
DA:723,0
DA:724,0
DA:725,1
DA:726,1
DA:727,1
DA:728,1
DA:729,1
DA:730,1
DA:731,1
DA:732,1
DA:733,1
DA:734,1
DA:735,1
DA:736,1
DA:737,1
DA:738,1
DA:739,1
DA:740,1
DA:741,1
DA:742,1
DA:743,1
DA:744,1
DA:745,1
DA:746,1
DA:747,1
DA:748,0
DA:749,0
DA:750,0
DA:751,0
DA:752,0
DA:753,0
DA:754,0
DA:755,0
DA:756,0
DA:757,0
DA:758,0
DA:759,0
DA:760,0
DA:761,0
DA:762,0
DA:763,0
DA:764,0
DA:765,0
DA:766,0
DA:767,0
DA:768,0
DA:769,0
DA:770,0
DA:771,0
DA:772,0
DA:773,0
DA:774,0
DA:775,0
DA:776,0
DA:777,0
DA:778,1
DA:779,1
DA:780,1
DA:781,1
LF:781
LH:445
BRDA:16,0,0,3
BRF:1
BRH:1
end_of_record
TN:
SF:src/tools/streaming.ts
FN:40,toRecord
FN:76,execute
FN:118,execute
FNF:3
FNH:3
FNDA:4,toRecord
FNDA:2,execute
FNDA:2,execute
DA:1,1
DA:2,1
DA:3,1
DA:4,1
DA:5,1
DA:6,1
DA:7,1
DA:8,1
DA:9,1
DA:10,1
DA:11,1
DA:12,1
DA:13,1
DA:14,1
DA:15,1
DA:16,1
DA:17,1
DA:18,1
DA:19,1
DA:20,1
DA:21,1
DA:22,1
DA:23,1
DA:24,1
DA:25,1
DA:26,1
DA:27,1
DA:28,1
DA:29,1
DA:30,1
DA:31,1
DA:32,1
DA:33,1
DA:34,1
DA:35,1
DA:36,1
DA:37,1
DA:38,1
DA:39,1
DA:40,4
DA:41,4
DA:42,4
DA:43,4
DA:44,0
DA:45,0
DA:46,1
DA:47,1
DA:48,1
DA:49,1
DA:50,1
DA:51,1
DA:52,1
DA:53,1
DA:54,1
DA:55,1
DA:56,1
DA:57,1
DA:58,1
DA:59,1
DA:60,1
DA:61,1
DA:62,1
DA:63,1
DA:64,1
DA:65,1
DA:66,1
DA:67,1
DA:68,1
DA:69,1
DA:70,1
DA:71,1
DA:72,1
DA:73,1
DA:74,1
DA:75,1
DA:76,1
DA:77,2
DA:78,2
DA:79,2
DA:80,2
DA:81,2
DA:82,2
DA:83,2
DA:84,2
DA:85,2
DA:86,1
DA:87,1
DA:88,1
DA:89,1
DA:90,1
DA:91,1
DA:92,1
DA:93,1
DA:94,1
DA:95,2
DA:96,2
DA:97,2
DA:98,1
DA:99,1
DA:100,1
DA:101,0
DA:102,0
DA:103,1
DA:104,1
DA:105,1
DA:106,1
DA:107,1
DA:108,1
DA:109,1
DA:110,1
DA:111,1
DA:112,1
DA:113,1
DA:114,1
DA:115,1
DA:116,1
DA:117,1
DA:118,1
DA:119,2
DA:120,2
DA:121,2
DA:122,2
DA:123,2
DA:124,2
DA:125,2
DA:126,2
DA:127,1
DA:128,1
DA:129,1
DA:130,1
DA:131,1
DA:132,1
DA:133,1
DA:134,1
DA:135,2
DA:136,2
DA:137,2
DA:138,1
DA:139,1
DA:140,1
DA:141,0
DA:142,0
DA:143,1
DA:144,1
DA:145,1
DA:146,1
LF:146
LH:140
BRDA:40,0,0,4
BRDA:44,1,0,0
BRDA:76,2,0,2
BRDA:78,3,0,0
BRDA:85,4,0,1
BRDA:95,5,0,0
BRDA:97,6,0,1
BRDA:101,7,0,0
BRDA:118,8,0,2
BRDA:120,9,0,0
BRDA:126,10,0,1
BRDA:135,11,0,0
BRDA:137,12,0,1
BRDA:141,13,0,0
BRF:14
BRH:7
end_of_record
TN:
SF:src/tools/types.ts
FN:130,defineToolModule
FN:148,describeTools
FN:175,invoke
FN:199,mergeUnique
FN:215,mergeOptionalStrings
FN:234,mergePlatforms
FNF:6
FNH:6
FNDA:41,defineToolModule
FNDA:33,describeTools
FNDA:66,invoke
FNDA:666,mergeUnique
FNDA:444,mergeOptionalStrings
FNDA:288,mergePlatforms
DA:1,1
DA:2,1
DA:3,1
DA:4,1
DA:5,1
DA:6,1
DA:7,1
DA:8,1
DA:9,1
DA:10,1
DA:11,1
DA:12,1
DA:13,1
DA:14,1
DA:15,1
DA:16,1
DA:17,1
DA:18,1
DA:19,1
DA:20,1
DA:21,1
DA:22,1
DA:23,1
DA:24,1
DA:25,1
DA:26,1
DA:27,1
DA:28,1
DA:29,1
DA:30,1
DA:31,1
DA:32,1
DA:33,1
DA:34,1
DA:35,1
DA:36,1
DA:37,1
DA:38,1
DA:39,1
DA:40,1
DA:41,1
DA:42,1
DA:43,1
DA:44,1
DA:45,1
DA:46,1
DA:47,1
DA:48,1
DA:49,1
DA:50,1
DA:51,1
DA:52,1
DA:53,1
DA:54,1
DA:55,1
DA:56,1
DA:57,1
DA:58,1
DA:59,1
DA:60,1
DA:61,1
DA:62,1
DA:63,1
DA:64,1
DA:65,1
DA:66,1
DA:67,1
DA:68,1
DA:69,1
DA:70,1
DA:71,1
DA:72,1
DA:73,1
DA:74,1
DA:75,1
DA:76,1
DA:77,1
DA:78,1
DA:79,1
DA:80,1
DA:81,1
DA:82,1
DA:83,1
DA:84,1
DA:85,1
DA:86,1
DA:87,1
DA:88,1
DA:89,1
DA:90,1
DA:91,1
DA:92,1
DA:93,1
DA:94,1
DA:95,1
DA:96,1
DA:97,1
DA:98,1
DA:99,1
DA:100,1
DA:101,1
DA:102,1
DA:103,1
DA:104,1
DA:105,1
DA:106,1
DA:107,1
DA:108,1
DA:109,1
DA:110,1
DA:111,1
DA:112,1
DA:113,1
DA:114,1
DA:115,1
DA:116,1
DA:117,1
DA:118,1
DA:119,1
DA:120,1
DA:121,1
DA:122,1
DA:123,1
DA:124,1
DA:125,1
DA:126,1
DA:127,1
DA:128,1
DA:129,1
DA:130,1
DA:131,41
DA:132,41
DA:133,41
DA:134,41
DA:135,41
DA:136,41
DA:137,41
DA:138,41
DA:139,41
DA:140,41
DA:141,41
DA:142,41
DA:143,41
DA:144,41
DA:145,41
DA:146,41
DA:147,41
DA:148,41
DA:149,33
DA:150,222
DA:151,222
DA:152,222
DA:153,222
DA:154,222
DA:155,222
DA:156,222
DA:157,222
DA:158,222
DA:159,222
DA:160,222
DA:161,222
DA:162,222
DA:163,222
DA:164,222
DA:165,222
DA:166,222
DA:167,222
DA:168,222
DA:169,222
DA:170,222
DA:171,222
DA:172,222
DA:173,33
DA:174,41
DA:175,41
DA:176,66
DA:177,66
DA:178,0
DA:179,0
DA:180,66
DA:181,66
DA:182,66
DA:183,66
DA:184,66
DA:185,1
DA:186,1
DA:187,65
DA:188,65
DA:189,65
DA:190,65
DA:191,65
DA:192,65
DA:193,65
DA:194,65
DA:195,41
DA:196,41
DA:197,41
DA:198,1
DA:199,666
DA:200,666
DA:201,666
DA:202,666
DA:203,666
DA:204,249
DA:205,249
DA:206,417
DA:207,417
DA:208,666
DA:209,702
DA:210,702
DA:211,417
DA:212,417
DA:213,417
DA:214,1
DA:215,444
DA:216,444
DA:217,444
DA:218,444
DA:219,444
DA:220,123
DA:221,123
DA:222,321
DA:223,444
DA:224,444
DA:225,279
DA:226,351
DA:227,351
DA:228,279
DA:229,321
DA:230,321
DA:231,444
DA:232,444
DA:233,1
DA:234,288
DA:235,288
DA:236,288
DA:237,288
DA:238,288
DA:239,0
DA:240,0
DA:241,288
DA:242,288
DA:243,288
DA:244,11
DA:245,22
DA:246,22
DA:247,11
DA:248,288
DA:249,288
DA:250,288
DA:251,288
LF:251
LH:247
BRDA:130,0,0,41
BRDA:131,1,0,37
BRDA:132,2,0,0
BRDA:133,3,0,0
BRDA:134,4,0,4
BRDA:135,5,0,0
BRDA:138,6,0,4
BRDA:139,7,0,37
BRDA:147,8,0,0
BRDA:141,9,0,274
BRDA:148,10,0,33
BRDA:149,11,0,222
BRDA:156,12,0,0
BRDA:157,13,0,219
BRDA:162,14,0,0
BRDA:163,15,0,99
BRDA:163,16,0,123
BRDA:164,17,0,0
BRDA:175,18,0,66
BRDA:177,19,0,0
BRDA:181,20,0,0
BRDA:182,21,0,64
BRDA:183,22,0,64
BRDA:184,23,0,1
BRDA:187,24,0,65
BRDA:199,25,0,666
BRDA:203,26,0,417
BRDA:203,27,0,249
BRDA:206,28,0,417
BRDA:208,29,0,702
BRDA:211,30,0,417
BRDA:215,31,0,444
BRDA:219,32,0,222
BRDA:219,33,0,147
BRDA:219,34,0,123
BRDA:220,35,0,0
BRDA:222,36,0,321
BRDA:223,37,0,0
BRDA:224,38,0,279
BRDA:225,39,0,351
BRDA:229,40,0,321
BRDA:231,41,0,0
BRDA:234,42,0,288
BRDA:238,43,0,0
BRDA:238,44,0,0
BRDA:242,45,0,0
BRDA:243,46,0,11
BRDA:244,47,0,22
BRDA:250,48,0,0
BRF:49
BRH:33
end_of_record
